#
# There is insufficient memory for the Java Runtime Environment to continue.
# Native memory allocation (malloc) failed to allocate 1060576 bytes for Chunk::new
# Possible reasons:
#   The system is out of physical RAM or swap space
#   The process is running with CompressedOops enabled, and the Java Heap may be blocking the growth of the native heap
# Possible solutions:
#   Reduce memory load on the system
#   Increase physical memory or swap space
#   Check if swap backing store is full
#   Decrease Java heap size (-Xmx/-Xms)
#   Decrease number of Java threads
#   Decrease Java thread stack sizes (-Xss)
#   Set larger code cache with -XX:ReservedCodeCacheSize=
#   JVM is running with Unscaled Compressed Oops mode in which the Java heap is
#     placed in the first 4GB address space. The Java Heap base address is the
#     maximum limit for the native heap growth. Please use -XX:HeapBaseMinAddress
#     to set the Java Heap base and to place the Java Heap above 4GB virtual address.
# This output file may be truncated or incomplete.
#
#  Out of Memory Error (./open/src/hotspot/share/memory/arena.cpp:197), pid=121312, tid=124636
#
# JRE version: Java(TM) SE Runtime Environment 18.9 (11.0.15+8) (build 11.0.15+8-LTS-149)
# Java VM: Java HotSpot(TM) 64-Bit Server VM 18.9 (11.0.15+8-LTS-149, mixed mode, tiered, compressed oops, g1 gc, windows-amd64)
# No core dump will be written. Minidumps are not enabled by default on client versions of Windows
#

---------------  S U M M A R Y ------------

Command Line: -XX:MaxMetaspaceSize=512m --add-opens=java.base/java.util=ALL-UNNAMED --add-opens=java.base/java.lang=ALL-UNNAMED --add-opens=java.base/java.lang.invoke=ALL-UNNAMED --add-opens=java.prefs/java.util.prefs=ALL-UNNAMED --add-opens=java.base/java.nio.charset=ALL-UNNAMED --add-opens=java.base/java.net=ALL-UNNAMED --add-opens=java.base/java.util.concurrent.atomic=ALL-UNNAMED -Xmx2048m -Dfile.encoding=windows-1252 -Duser.country=IN -Duser.language=en -Duser.variant org.gradle.launcher.daemon.bootstrap.GradleDaemon 8.0.1

Host: 11th Gen Intel(R) Core(TM) i3-1115G4 @ 3.00GHz, 4 cores, 7G,  Windows 10 , 64 bit Build 19041 (10.0.19041.3636)
Time: Thu Mar 28 00:19:12 2024 India Standard Time elapsed time: 73.740383 seconds (0d 0h 1m 13s)

---------------  T H R E A D  ---------------

Current thread (0x0000026461986800):  JavaThread "C2 CompilerThread0" daemon [_thread_in_native, id=124636, stack(0x00000079d0200000,0x00000079d0300000)]


Current CompileTask:
C2:  73740 19370       4       org.gradle.api.internal.artifacts.transform.AttributeMatchingVariantSelector::doSelect (365 bytes)

Stack: [0x00000079d0200000,0x00000079d0300000]
Native frames: (J=compiled Java code, j=interpreted, Vv=VM code, C=native code)
V  [jvm.dll+0x629d8a]
V  [jvm.dll+0x7638ff]
V  [jvm.dll+0x764fa9]
V  [jvm.dll+0x765633]
V  [jvm.dll+0x23d9c8]
V  [jvm.dll+0xb2a1c]
V  [jvm.dll+0xb2fdc]
V  [jvm.dll+0x2ae744]
V  [jvm.dll+0x53d4c6]
V  [jvm.dll+0x20089d]
V  [jvm.dll+0x1fa64a]
V  [jvm.dll+0x1f762d]
V  [jvm.dll+0x177c51]
V  [jvm.dll+0x207026]
V  [jvm.dll+0x2051bb]
V  [jvm.dll+0x729820]
V  [jvm.dll+0x7223f4]
V  [jvm.dll+0x628c26]
C  [ucrtbase.dll+0x21bb2]
C  [KERNEL32.DLL+0x17344]
C  [ntdll.dll+0x526b1]


---------------  P R O C E S S  ---------------

Threads class SMR info:
_java_thread_list=0x0000026470cdcf70, length=89, elements={
0x0000026443866800, 0x0000026461020800, 0x000002646102a000, 0x000002646103b000,
0x000002646103e000, 0x0000026461984800, 0x0000026461986800, 0x000002646198a000,
0x000002646198d000, 0x0000026461af9000, 0x0000026463294000, 0x0000026461d2f000,
0x0000026462d9e000, 0x0000026463f14000, 0x0000026463906000, 0x0000026463b28800,
0x0000026463b25000, 0x0000026463b29800, 0x0000026463b2a000, 0x0000026463b24800,
0x0000026463b27000, 0x0000026463093000, 0x0000026463096800, 0x0000026463094000,
0x0000026463097800, 0x0000026463092800, 0x000002646309e800, 0x000002646309e000,
0x00000264646a6000, 0x00000264646ab000, 0x00000264646a7800, 0x00000264646a8800,
0x00000264646a9000, 0x00000264646aa000, 0x00000264646a4000, 0x00000264646a5000,
0x00000264646b1800, 0x00000264646ac800, 0x00000264646ad000, 0x00000264646af800,
0x00000264646ab800, 0x00000264646b0800, 0x00000264646af000, 0x00000264646b2000,
0x00000264646b3000, 0x0000026463095800, 0x000002646309a000, 0x0000026463099000,
0x000002646309a800, 0x0000026463095000, 0x000002646309d000, 0x00000264630a0800,
0x000002646309f800, 0x000002646309c000, 0x000002646309b800, 0x0000026463b26000,
0x0000026463b2b000, 0x0000026463b27800, 0x000002646c7a4800, 0x000002646c7a5800,
0x000002646c7a3000, 0x000002646c7a6800, 0x000002646c7a7000, 0x000002646c7a2800,
0x000002646c7a8000, 0x000002646c7a9000, 0x000002646c7a9800, 0x000002646c7a4000,
0x000002646c7ac000, 0x000002646c7ab800, 0x000002646c7b0000, 0x000002646c7af800,
0x000002646c7aa800, 0x000002646c7ad000, 0x000002646c7ad800, 0x000002646c7ae800,
0x000002646c7b1000, 0x0000026464f25800, 0x0000026464f20800, 0x0000026464f22000,
0x0000026464f23000, 0x0000026464f21800, 0x0000026464f24000, 0x0000026464f24800,
0x0000026464f1f800, 0x0000026464f29800, 0x0000026464f28000, 0x0000026464f2a800,
0x0000026471076000
}

Java Threads: ( => current thread )
  0x0000026443866800 JavaThread "main" [_thread_blocked, id=107788, stack(0x00000079cf600000,0x00000079cf700000)]
  0x0000026461020800 JavaThread "Reference Handler" daemon [_thread_blocked, id=119460, stack(0x00000079cfd00000,0x00000079cfe00000)]
  0x000002646102a000 JavaThread "Finalizer" daemon [_thread_blocked, id=120040, stack(0x00000079cfe00000,0x00000079cff00000)]
  0x000002646103b000 JavaThread "Signal Dispatcher" daemon [_thread_blocked, id=124672, stack(0x00000079cff00000,0x00000079d0000000)]
  0x000002646103e000 JavaThread "Attach Listener" daemon [_thread_blocked, id=121496, stack(0x00000079d0000000,0x00000079d0100000)]
  0x0000026461984800 JavaThread "Service Thread" daemon [_thread_blocked, id=112976, stack(0x00000079d0100000,0x00000079d0200000)]
=>0x0000026461986800 JavaThread "C2 CompilerThread0" daemon [_thread_in_native, id=124636, stack(0x00000079d0200000,0x00000079d0300000)]
  0x000002646198a000 JavaThread "C1 CompilerThread0" daemon [_thread_blocked, id=125296, stack(0x00000079d0300000,0x00000079d0400000)]
  0x000002646198d000 JavaThread "Sweeper thread" daemon [_thread_blocked, id=121628, stack(0x00000079d0400000,0x00000079d0500000)]
  0x0000026461af9000 JavaThread "Common-Cleaner" daemon [_thread_blocked, id=125040, stack(0x00000079d0500000,0x00000079d0600000)]
  0x0000026463294000 JavaThread "Daemon health stats" [_thread_blocked, id=126668, stack(0x00000079d0a00000,0x00000079d0b00000)]
  0x0000026461d2f000 JavaThread "Incoming local TCP Connector on port 50669" [_thread_in_native, id=100608, stack(0x00000079d0700000,0x00000079d0800000)]
  0x0000026462d9e000 JavaThread "Daemon periodic checks" [_thread_blocked, id=124896, stack(0x00000079d0b00000,0x00000079d0c00000)]
  0x0000026463f14000 JavaThread "Daemon" [_thread_blocked, id=84304, stack(0x00000079d0c00000,0x00000079d0d00000)]
  0x0000026463906000 JavaThread "Daemon worker" [_thread_blocked, id=120680, stack(0x00000079d0f00000,0x00000079d1000000)]
  0x0000026463b28800 JavaThread "Cache worker for journal cache (C:\Users\Subhash\.gradle\caches\journal-1)" [_thread_blocked, id=110368, stack(0x00000079d1400000,0x00000079d1500000)]
  0x0000026463b25000 JavaThread "File lock request listener" [_thread_in_native, id=124148, stack(0x00000079d1500000,0x00000079d1600000)]
  0x0000026463b29800 JavaThread "Cache worker for file hash cache (C:\Users\Subhash\.gradle\caches\8.0.1\fileHashes)" [_thread_blocked, id=112932, stack(0x00000079d1600000,0x00000079d1700000)]
  0x0000026463b2a000 JavaThread "File lock release action executor" [_thread_blocked, id=118992, stack(0x00000079d1700000,0x00000079d1800000)]
  0x0000026463b24800 JavaThread "File watcher server" daemon [_thread_in_native, id=113764, stack(0x00000079d1900000,0x00000079d1a00000)]
  0x0000026463b27000 JavaThread "File watcher consumer" daemon [_thread_blocked, id=110296, stack(0x00000079d1a00000,0x00000079d1b00000)]
  0x0000026463093000 JavaThread "Cache worker for file content cache (C:\Users\Subhash\.gradle\caches\8.0.1\fileContent)" [_thread_blocked, id=109620, stack(0x00000079d1d00000,0x00000079d1e00000)]
  0x0000026463096800 JavaThread "Cache worker for execution history cache (C:\Users\Subhash\.gradle\caches\8.0.1\executionHistory)" [_thread_blocked, id=128612, stack(0x00000079d2000000,0x00000079d2100000)]
  0x0000026463094000 JavaThread "jar transforms" [_thread_blocked, id=124944, stack(0x00000079d2100000,0x00000079d2200000)]
  0x0000026463097800 JavaThread "jar transforms Thread 2" [_thread_blocked, id=128668, stack(0x00000079d2200000,0x00000079d2300000)]
  0x0000026463092800 JavaThread "jar transforms Thread 3" [_thread_blocked, id=119140, stack(0x00000079d2300000,0x00000079d2400000)]
  0x000002646309e800 JavaThread "jar transforms Thread 4" [_thread_blocked, id=110480, stack(0x00000079d2400000,0x00000079d2500000)]
  0x000002646309e000 JavaThread "Cache worker for kotlin-dsl (C:\Users\Subhash\.gradle\caches\8.0.1\kotlin-dsl)" [_thread_blocked, id=113656, stack(0x00000079d1800000,0x00000079d1900000)]
  0x00000264646a6000 JavaThread "Memory manager" [_thread_blocked, id=119332, stack(0x00000079d4100000,0x00000079d4200000)]
  0x00000264646ab000 JavaThread "included builds" [_thread_blocked, id=128832, stack(0x00000079d4300000,0x00000079d4400000)]
  0x00000264646a7800 JavaThread "Handler for socket connection from /127.0.0.1:50669 to /127.0.0.1:50690" [_thread_in_native, id=122280, stack(0x00000079cf400000,0x00000079cf500000)]
  0x00000264646a8800 JavaThread "Cancel handler" [_thread_blocked, id=107888, stack(0x00000079d0d00000,0x00000079d0e00000)]
  0x00000264646a9000 JavaThread "Asynchronous log dispatcher for DefaultDaemonConnection: socket connection from /127.0.0.1:50669 to /127.0.0.1:50690" [_thread_blocked, id=94368, stack(0x00000079d0e00000,0x00000079d0f00000)]
  0x00000264646aa000 JavaThread "Stdin handler" [_thread_blocked, id=116156, stack(0x00000079d1000000,0x00000079d1100000)]
  0x00000264646a4000 JavaThread "Daemon client event forwarder" [_thread_blocked, id=110200, stack(0x00000079d1100000,0x00000079d1200000)]
  0x00000264646a5000 JavaThread "Cache worker for checksums cache (C:\Users\Subhash\ClassTrackr\android\.gradle\8.0.1\checksums)" [_thread_blocked, id=117948, stack(0x00000079d1200000,0x00000079d1300000)]
  0x00000264646b1800 JavaThread "Cache worker for cache directory md-rule (C:\Users\Subhash\.gradle\caches\8.0.1\md-rule)" [_thread_blocked, id=123128, stack(0x00000079d1b00000,0x00000079d1c00000)]
  0x00000264646ac800 JavaThread "Cache worker for file hash cache (C:\Users\Subhash\ClassTrackr\android\.gradle\8.0.1\fileHashes)" [_thread_blocked, id=113716, stack(0x00000079d1c00000,0x00000079d1d00000)]
  0x00000264646ad000 JavaThread "Cache worker for cache directory md-supplier (C:\Users\Subhash\.gradle\caches\8.0.1\md-supplier)" [_thread_blocked, id=112060, stack(0x00000079d1e00000,0x00000079d1f00000)]
  0x00000264646af800 JavaThread "Cache worker for dependencies-accessors (C:\Users\Subhash\ClassTrackr\android\.gradle\8.0.1\dependencies-accessors)" [_thread_blocked, id=128384, stack(0x00000079d1f00000,0x00000079d2000000)]
  0x00000264646ab800 JavaThread "Cache worker for Build Output Cleanup Cache (C:\Users\Subhash\ClassTrackr\node_modules\@react-native\gradle-plugin\.gradle\buildOutputCleanup)" [_thread_blocked, id=123584, stack(0x00000079d2500000,0x00000079d2600000)]
  0x00000264646b0800 JavaThread "Unconstrained build operations" [_thread_blocked, id=125844, stack(0x00000079d2600000,0x00000079d2700000)]
  0x00000264646af000 JavaThread "Unconstrained build operations Thread 2" [_thread_blocked, id=123476, stack(0x00000079d2700000,0x00000079d2800000)]
  0x00000264646b2000 JavaThread "Unconstrained build operations Thread 3" [_thread_blocked, id=128068, stack(0x00000079d2800000,0x00000079d2900000)]
  0x00000264646b3000 JavaThread "Unconstrained build operations Thread 4" [_thread_blocked, id=115896, stack(0x00000079d2900000,0x00000079d2a00000)]
  0x0000026463095800 JavaThread "Unconstrained build operations Thread 5" [_thread_blocked, id=124284, stack(0x00000079d2a00000,0x00000079d2b00000)]
  0x000002646309a000 JavaThread "Unconstrained build operations Thread 6" [_thread_blocked, id=91836, stack(0x00000079d2b00000,0x00000079d2c00000)]
  0x0000026463099000 JavaThread "Unconstrained build operations Thread 7" [_thread_blocked, id=124268, stack(0x00000079d2c00000,0x00000079d2d00000)]
  0x000002646309a800 JavaThread "Unconstrained build operations Thread 8" [_thread_blocked, id=124816, stack(0x00000079d2d00000,0x00000079d2e00000)]
  0x0000026463095000 JavaThread "Unconstrained build operations Thread 9" [_thread_blocked, id=109908, stack(0x00000079d2e00000,0x00000079d2f00000)]
  0x000002646309d000 JavaThread "Unconstrained build operations Thread 10" [_thread_blocked, id=125748, stack(0x00000079d2f00000,0x00000079d3000000)]
  0x00000264630a0800 JavaThread "Unconstrained build operations Thread 11" [_thread_blocked, id=120228, stack(0x00000079d3000000,0x00000079d3100000)]
  0x000002646309f800 JavaThread "Unconstrained build operations Thread 12" [_thread_blocked, id=107432, stack(0x00000079d3100000,0x00000079d3200000)]
  0x000002646309c000 JavaThread "Unconstrained build operations Thread 13" [_thread_blocked, id=103936, stack(0x00000079d3200000,0x00000079d3300000)]
  0x000002646309b800 JavaThread "Unconstrained build operations Thread 14" [_thread_blocked, id=117592, stack(0x00000079d3300000,0x00000079d3400000)]
  0x0000026463b26000 JavaThread "Unconstrained build operations Thread 15" [_thread_blocked, id=124556, stack(0x00000079d3400000,0x00000079d3500000)]
  0x0000026463b2b000 JavaThread "Unconstrained build operations Thread 16" [_thread_blocked, id=124376, stack(0x00000079d3500000,0x00000079d3600000)]
  0x0000026463b27800 JavaThread "Unconstrained build operations Thread 17" [_thread_blocked, id=96764, stack(0x00000079d3600000,0x00000079d3700000)]
  0x000002646c7a4800 JavaThread "Unconstrained build operations Thread 18" [_thread_blocked, id=111276, stack(0x00000079d3700000,0x00000079d3800000)]
  0x000002646c7a5800 JavaThread "Unconstrained build operations Thread 19" [_thread_blocked, id=74808, stack(0x00000079d3800000,0x00000079d3900000)]
  0x000002646c7a3000 JavaThread "Unconstrained build operations Thread 20" [_thread_blocked, id=125236, stack(0x00000079d3900000,0x00000079d3a00000)]
  0x000002646c7a6800 JavaThread "Unconstrained build operations Thread 21" [_thread_blocked, id=122860, stack(0x00000079d3a00000,0x00000079d3b00000)]
  0x000002646c7a7000 JavaThread "Unconstrained build operations Thread 22" [_thread_blocked, id=120520, stack(0x00000079d3b00000,0x00000079d3c00000)]
  0x000002646c7a2800 JavaThread "Unconstrained build operations Thread 23" [_thread_blocked, id=124812, stack(0x00000079d3c00000,0x00000079d3d00000)]
  0x000002646c7a8000 JavaThread "Unconstrained build operations Thread 24" [_thread_blocked, id=124528, stack(0x00000079d3d00000,0x00000079d3e00000)]
  0x000002646c7a9000 JavaThread "Unconstrained build operations Thread 25" [_thread_blocked, id=15676, stack(0x00000079d3e00000,0x00000079d3f00000)]
  0x000002646c7a9800 JavaThread "Unconstrained build operations Thread 26" [_thread_blocked, id=128544, stack(0x00000079d3f00000,0x00000079d4000000)]
  0x000002646c7a4000 JavaThread "Cache worker for Build Output Cleanup Cache (C:\Users\Subhash\ClassTrackr\android\.gradle\buildOutputCleanup)" [_thread_blocked, id=114084, stack(0x00000079d4000000,0x00000079d4100000)]
  0x000002646c7ac000 JavaThread "included builds" [_thread_blocked, id=107444, stack(0x00000079d4200000,0x00000079d4300000)]
  0x000002646c7ab800 JavaThread "Execution worker" [_thread_in_native, id=121528, stack(0x00000079d4400000,0x00000079d4500000)]
  0x000002646c7b0000 JavaThread "Execution worker Thread 2" [_thread_blocked, id=117496, stack(0x00000079d4500000,0x00000079d4600000)]
  0x000002646c7af800 JavaThread "Execution worker Thread 3" [_thread_blocked, id=121456, stack(0x00000079d4600000,0x00000079d4700000)]
  0x000002646c7aa800 JavaThread "Cache worker for execution history cache (C:\Users\Subhash\ClassTrackr\node_modules\@react-native\gradle-plugin\.gradle\8.0.1\executionHistory)" [_thread_blocked, id=110332, stack(0x00000079d4700000,0x00000079d4800000)]
  0x000002646c7ad000 JavaThread "Unconstrained build operations Thread 27" [_thread_blocked, id=105052, stack(0x00000079d4800000,0x00000079d4900000)]
  0x000002646c7ad800 JavaThread "Unconstrained build operations Thread 28" [_thread_blocked, id=125568, stack(0x00000079d4900000,0x00000079d4a00000)]
  0x000002646c7ae800 JavaThread "Unconstrained build operations Thread 29" [_thread_blocked, id=127508, stack(0x00000079d4a00000,0x00000079d4b00000)]
  0x000002646c7b1000 JavaThread "Unconstrained build operations Thread 30" [_thread_blocked, id=121816, stack(0x00000079d4b00000,0x00000079d4c00000)]
  0x0000026464f25800 JavaThread "Unconstrained build operations Thread 31" [_thread_blocked, id=87196, stack(0x00000079d4c00000,0x00000079d4d00000)]
  0x0000026464f20800 JavaThread "Unconstrained build operations Thread 32" [_thread_blocked, id=122964, stack(0x00000079d4d00000,0x00000079d4e00000)]
  0x0000026464f22000 JavaThread "Unconstrained build operations Thread 33" [_thread_blocked, id=111936, stack(0x00000079d4e00000,0x00000079d4f00000)]
  0x0000026464f23000 JavaThread "Unconstrained build operations Thread 34" [_thread_blocked, id=124976, stack(0x00000079d4f00000,0x00000079d5000000)]
  0x0000026464f21800 JavaThread "Unconstrained build operations Thread 35" [_thread_blocked, id=121940, stack(0x00000079d5000000,0x00000079d5100000)]
  0x0000026464f24000 JavaThread "Unconstrained build operations Thread 36" [_thread_blocked, id=126644, stack(0x00000079d5100000,0x00000079d5200000)]
  0x0000026464f24800 JavaThread "Unconstrained build operations Thread 37" [_thread_blocked, id=114652, stack(0x00000079d5200000,0x00000079d5300000)]
  0x0000026464f1f800 JavaThread "Unconstrained build operations Thread 38" [_thread_blocked, id=120252, stack(0x00000079d5300000,0x00000079d5400000)]
  0x0000026464f29800 JavaThread "Unconstrained build operations Thread 39" [_thread_blocked, id=119852, stack(0x00000079d5400000,0x00000079d5500000)]
  0x0000026464f28000 JavaThread "Unconstrained build operations Thread 40" [_thread_blocked, id=127032, stack(0x00000079d5500000,0x00000079d5600000)]
  0x0000026464f2a800 JavaThread "File lock release action executor Thread 2" [_thread_blocked, id=78092, stack(0x00000079d5900000,0x00000079d5a00000)]
  0x0000026471076000 JavaThread "C2 CompilerThread1" daemon [_thread_in_native, id=118196, stack(0x00000079d5a00000,0x00000079d5b00000)]

Other Threads:
  0x000002646101d000 VMThread "VM Thread" [stack: 0x00000079cfc00000,0x00000079cfd00000] [id=127392]
  0x0000026461b40000 WatcherThread [stack: 0x00000079d0600000,0x00000079d0700000] [id=82100]
  0x000002644387c000 GCTaskThread "GC Thread#0" [stack: 0x00000079cf700000,0x00000079cf800000] [id=119260]
  0x0000026462367800 GCTaskThread "GC Thread#1" [stack: 0x00000079d0800000,0x00000079d0900000] [id=126848]
  0x00000264620dd000 GCTaskThread "GC Thread#2" [stack: 0x00000079d0900000,0x00000079d0a00000] [id=105540]
  0x0000026463fa0800 GCTaskThread "GC Thread#3" [stack: 0x00000079d1300000,0x00000079d1400000] [id=128676]
  0x00000264438ad000 ConcurrentGCThread "G1 Main Marker" [stack: 0x00000079cf800000,0x00000079cf900000] [id=120156]
  0x00000264438af000 ConcurrentGCThread "G1 Conc#0" [stack: 0x00000079cf900000,0x00000079cfa00000] [id=125716]
  0x000002644393e000 ConcurrentGCThread "G1 Refine#0" [stack: 0x00000079cfa00000,0x00000079cfb00000] [id=122144]
  0x0000026460e77800 ConcurrentGCThread "G1 Young RemSet Sampling" [stack: 0x00000079cfb00000,0x00000079cfc00000] [id=126928]

Threads with active compile tasks:
C2 CompilerThread0  73773 19370       4       org.gradle.api.internal.artifacts.transform.AttributeMatchingVariantSelector::doSelect (365 bytes)
C2 CompilerThread1  73773 19395       4       org.gradle.internal.logging.sink.OutputEventRenderer$LazyListener::onOutput (95 bytes)

VM state:not at safepoint (normal execution)

VM Mutex/Monitor currently owned by a thread: None

Heap address: 0x0000000080000000, size: 2048 MB, Compressed Oops mode: 32-bit
Narrow klass base: 0x0000000000000000, Narrow klass shift: 3
Compressed class space size: 528482304 Address: 0x0000000100000000

Heap:
 garbage-first heap   total 303104K, used 223996K [0x0000000080000000, 0x0000000100000000)
  region size 1024K, 38 young (38912K), 4 survivors (4096K)
 Metaspace       used 125380K, capacity 130318K, committed 130640K, reserved 628736K
  class space    used 16373K, capacity 18213K, committed 18336K, reserved 516096K
Heap Regions: E=young(eden), S=young(survivor), O=old, HS=humongous(starts), HC=humongous(continues), CS=collection set, F=free, A=archive, TAMS=top-at-mark-start (previous, next)
|   0|0x0000000080000000, 0x0000000080100000, 0x0000000080100000|100%| O|  |TAMS 0x0000000080100000, 0x0000000080000000| Untracked 
|   1|0x0000000080100000, 0x0000000080200000, 0x0000000080200000|100%| O|  |TAMS 0x0000000080200000, 0x0000000080100000| Untracked 
|   2|0x0000000080200000, 0x0000000080300000, 0x0000000080300000|100%| O|  |TAMS 0x0000000080300000, 0x0000000080200000| Untracked 
|   3|0x0000000080300000, 0x0000000080400000, 0x0000000080400000|100%|HS|  |TAMS 0x0000000080400000, 0x0000000080300000| Complete 
|   4|0x0000000080400000, 0x0000000080500000, 0x0000000080500000|100%|HC|  |TAMS 0x0000000080500000, 0x0000000080400000| Complete 
|   5|0x0000000080500000, 0x0000000080600000, 0x0000000080600000|100%|HC|  |TAMS 0x0000000080600000, 0x0000000080500000| Complete 
|   6|0x0000000080600000, 0x0000000080700000, 0x0000000080700000|100%|HC|  |TAMS 0x0000000080700000, 0x0000000080600000| Complete 
|   7|0x0000000080700000, 0x0000000080800000, 0x0000000080800000|100%| O|  |TAMS 0x0000000080800000, 0x0000000080700000| Untracked 
|   8|0x0000000080800000, 0x0000000080900000, 0x0000000080900000|100%| O|  |TAMS 0x0000000080900000, 0x0000000080800000| Untracked 
|   9|0x0000000080900000, 0x0000000080a00000, 0x0000000080a00000|100%| O|  |TAMS 0x0000000080a00000, 0x0000000080900000| Untracked 
|  10|0x0000000080a00000, 0x0000000080b00000, 0x0000000080b00000|100%| O|  |TAMS 0x0000000080b00000, 0x0000000080a00000| Untracked 
|  11|0x0000000080b00000, 0x0000000080c00000, 0x0000000080c00000|100%| O|  |TAMS 0x0000000080c00000, 0x0000000080b00000| Untracked 
|  12|0x0000000080c00000, 0x0000000080d00000, 0x0000000080d00000|100%| O|  |TAMS 0x0000000080d00000, 0x0000000080c00000| Untracked 
|  13|0x0000000080d00000, 0x0000000080e00000, 0x0000000080e00000|100%| O|  |TAMS 0x0000000080e00000, 0x0000000080d00000| Untracked 
|  14|0x0000000080e00000, 0x0000000080f00000, 0x0000000080f00000|100%| O|  |TAMS 0x0000000080f00000, 0x0000000080e00000| Untracked 
|  15|0x0000000080f00000, 0x0000000081000000, 0x0000000081000000|100%| O|  |TAMS 0x0000000081000000, 0x0000000080f00000| Untracked 
|  16|0x0000000081000000, 0x0000000081100000, 0x0000000081100000|100%| O|  |TAMS 0x0000000081100000, 0x0000000081000000| Untracked 
|  17|0x0000000081100000, 0x0000000081200000, 0x0000000081200000|100%| O|  |TAMS 0x0000000081200000, 0x0000000081100000| Untracked 
|  18|0x0000000081200000, 0x0000000081300000, 0x0000000081300000|100%| O|  |TAMS 0x0000000081300000, 0x0000000081200000| Untracked 
|  19|0x0000000081300000, 0x0000000081400000, 0x0000000081400000|100%| O|  |TAMS 0x0000000081400000, 0x0000000081300000| Untracked 
|  20|0x0000000081400000, 0x0000000081500000, 0x0000000081500000|100%| O|  |TAMS 0x0000000081500000, 0x0000000081400000| Untracked 
|  21|0x0000000081500000, 0x0000000081600000, 0x0000000081600000|100%| O|  |TAMS 0x0000000081600000, 0x0000000081500000| Untracked 
|  22|0x0000000081600000, 0x0000000081700000, 0x0000000081700000|100%| O|  |TAMS 0x0000000081700000, 0x0000000081600000| Untracked 
|  23|0x0000000081700000, 0x0000000081800000, 0x0000000081800000|100%| O|  |TAMS 0x0000000081800000, 0x0000000081700000| Untracked 
|  24|0x0000000081800000, 0x0000000081900000, 0x0000000081900000|100%| O|  |TAMS 0x0000000081900000, 0x0000000081800000| Untracked 
|  25|0x0000000081900000, 0x0000000081a00000, 0x0000000081a00000|100%| O|  |TAMS 0x0000000081a00000, 0x0000000081900000| Untracked 
|  26|0x0000000081a00000, 0x0000000081b00000, 0x0000000081b00000|100%| O|  |TAMS 0x0000000081b00000, 0x0000000081a00000| Untracked 
|  27|0x0000000081b00000, 0x0000000081c00000, 0x0000000081c00000|100%| O|  |TAMS 0x0000000081c00000, 0x0000000081b00000| Untracked 
|  28|0x0000000081c00000, 0x0000000081d00000, 0x0000000081d00000|100%| O|  |TAMS 0x0000000081d00000, 0x0000000081c00000| Untracked 
|  29|0x0000000081d00000, 0x0000000081e00000, 0x0000000081e00000|100%| O|  |TAMS 0x0000000081e00000, 0x0000000081d00000| Untracked 
|  30|0x0000000081e00000, 0x0000000081f00000, 0x0000000081f00000|100%| O|  |TAMS 0x0000000081f00000, 0x0000000081e00000| Untracked 
|  31|0x0000000081f00000, 0x0000000082000000, 0x0000000082000000|100%|HS|  |TAMS 0x0000000082000000, 0x0000000081f00000| Complete 
|  32|0x0000000082000000, 0x0000000082100000, 0x0000000082100000|100%|HC|  |TAMS 0x0000000082100000, 0x0000000082000000| Complete 
|  33|0x0000000082100000, 0x0000000082200000, 0x0000000082200000|100%|HS|  |TAMS 0x0000000082200000, 0x0000000082100000| Complete 
|  34|0x0000000082200000, 0x0000000082300000, 0x0000000082300000|100%|HC|  |TAMS 0x0000000082300000, 0x0000000082200000| Complete 
|  35|0x0000000082300000, 0x0000000082400000, 0x0000000082400000|100%|HC|  |TAMS 0x0000000082400000, 0x0000000082300000| Complete 
|  36|0x0000000082400000, 0x0000000082500000, 0x0000000082500000|100%|HC|  |TAMS 0x0000000082500000, 0x0000000082400000| Complete 
|  37|0x0000000082500000, 0x0000000082600000, 0x0000000082600000|100%| O|  |TAMS 0x0000000082600000, 0x0000000082500000| Untracked 
|  38|0x0000000082600000, 0x0000000082700000, 0x0000000082700000|100%| O|  |TAMS 0x0000000082700000, 0x0000000082600000| Untracked 
|  39|0x0000000082700000, 0x0000000082800000, 0x0000000082800000|100%| O|  |TAMS 0x0000000082800000, 0x0000000082700000| Untracked 
|  40|0x0000000082800000, 0x0000000082900000, 0x0000000082900000|100%| O|  |TAMS 0x0000000082900000, 0x0000000082800000| Untracked 
|  41|0x0000000082900000, 0x0000000082a00000, 0x0000000082a00000|100%| O|  |TAMS 0x0000000082a00000, 0x0000000082900000| Untracked 
|  42|0x0000000082a00000, 0x0000000082b00000, 0x0000000082b00000|100%| O|  |TAMS 0x0000000082b00000, 0x0000000082a00000| Untracked 
|  43|0x0000000082b00000, 0x0000000082c00000, 0x0000000082c00000|100%| O|  |TAMS 0x0000000082b00000, 0x0000000082b00000| Untracked 
|  44|0x0000000082c00000, 0x0000000082d00000, 0x0000000082d00000|100%| O|  |TAMS 0x0000000082c00000, 0x0000000082c00000| Untracked 
|  45|0x0000000082d00000, 0x0000000082e00000, 0x0000000082e00000|100%| O|  |TAMS 0x0000000082e00000, 0x0000000082d00000| Untracked 
|  46|0x0000000082e00000, 0x0000000082f00000, 0x0000000082f00000|100%| O|  |TAMS 0x0000000082f00000, 0x0000000082e00000| Untracked 
|  47|0x0000000082f00000, 0x0000000083000000, 0x0000000083000000|100%| O|  |TAMS 0x0000000083000000, 0x0000000082f00000| Untracked 
|  48|0x0000000083000000, 0x0000000083100000, 0x0000000083100000|100%| O|  |TAMS 0x0000000083100000, 0x0000000083000000| Untracked 
|  49|0x0000000083100000, 0x0000000083200000, 0x0000000083200000|100%| O|  |TAMS 0x0000000083200000, 0x0000000083100000| Untracked 
|  50|0x0000000083200000, 0x0000000083300000, 0x0000000083300000|100%| O|  |TAMS 0x0000000083300000, 0x0000000083200000| Untracked 
|  51|0x0000000083300000, 0x0000000083400000, 0x0000000083400000|100%| O|  |TAMS 0x0000000083400000, 0x0000000083300000| Untracked 
|  52|0x0000000083400000, 0x0000000083500000, 0x0000000083500000|100%| O|  |TAMS 0x0000000083500000, 0x0000000083400000| Untracked 
|  53|0x0000000083500000, 0x0000000083600000, 0x0000000083600000|100%| O|  |TAMS 0x0000000083600000, 0x0000000083500000| Untracked 
|  54|0x0000000083600000, 0x0000000083700000, 0x0000000083700000|100%| O|  |TAMS 0x0000000083700000, 0x0000000083600000| Untracked 
|  55|0x0000000083700000, 0x0000000083800000, 0x0000000083800000|100%| O|  |TAMS 0x0000000083800000, 0x0000000083700000| Untracked 
|  56|0x0000000083800000, 0x0000000083900000, 0x0000000083900000|100%| O|  |TAMS 0x0000000083900000, 0x0000000083800000| Untracked 
|  57|0x0000000083900000, 0x0000000083a00000, 0x0000000083a00000|100%| O|  |TAMS 0x0000000083a00000, 0x0000000083900000| Untracked 
|  58|0x0000000083a00000, 0x0000000083b00000, 0x0000000083b00000|100%| O|  |TAMS 0x0000000083b00000, 0x0000000083a00000| Untracked 
|  59|0x0000000083b00000, 0x0000000083c00000, 0x0000000083c00000|100%| O|  |TAMS 0x0000000083c00000, 0x0000000083b00000| Untracked 
|  60|0x0000000083c00000, 0x0000000083d00000, 0x0000000083d00000|100%| O|  |TAMS 0x0000000083d00000, 0x0000000083c00000| Untracked 
|  61|0x0000000083d00000, 0x0000000083e00000, 0x0000000083e00000|100%|HS|  |TAMS 0x0000000083e00000, 0x0000000083d00000| Complete 
|  62|0x0000000083e00000, 0x0000000083f00000, 0x0000000083f00000|100%|HS|  |TAMS 0x0000000083f00000, 0x0000000083e00000| Complete 
|  63|0x0000000083f00000, 0x0000000084000000, 0x0000000084000000|100%| O|  |TAMS 0x0000000084000000, 0x0000000083f00000| Untracked 
|  64|0x0000000084000000, 0x0000000084100000, 0x0000000084100000|100%| O|  |TAMS 0x0000000084100000, 0x0000000084000000| Untracked 
|  65|0x0000000084100000, 0x0000000084200000, 0x0000000084200000|100%| O|  |TAMS 0x0000000084200000, 0x0000000084100000| Untracked 
|  66|0x0000000084200000, 0x0000000084300000, 0x0000000084300000|100%| O|  |TAMS 0x0000000084300000, 0x0000000084200000| Untracked 
|  67|0x0000000084300000, 0x0000000084400000, 0x0000000084400000|100%| O|  |TAMS 0x0000000084400000, 0x0000000084300000| Untracked 
|  68|0x0000000084400000, 0x0000000084500000, 0x0000000084500000|100%| O|  |TAMS 0x0000000084500000, 0x0000000084400000| Untracked 
|  69|0x0000000084500000, 0x0000000084600000, 0x0000000084600000|100%| O|  |TAMS 0x0000000084600000, 0x0000000084500000| Untracked 
|  70|0x0000000084600000, 0x0000000084700000, 0x0000000084700000|100%| O|  |TAMS 0x0000000084700000, 0x0000000084600000| Untracked 
|  71|0x0000000084700000, 0x0000000084800000, 0x0000000084800000|100%| O|  |TAMS 0x0000000084800000, 0x0000000084700000| Untracked 
|  72|0x0000000084800000, 0x0000000084900000, 0x0000000084900000|100%| O|  |TAMS 0x0000000084900000, 0x0000000084800000| Untracked 
|  73|0x0000000084900000, 0x0000000084a00000, 0x0000000084a00000|100%| O|  |TAMS 0x0000000084a00000, 0x0000000084900000| Untracked 
|  74|0x0000000084a00000, 0x0000000084b00000, 0x0000000084b00000|100%| O|  |TAMS 0x0000000084b00000, 0x0000000084a00000| Untracked 
|  75|0x0000000084b00000, 0x0000000084c00000, 0x0000000084c00000|100%| O|  |TAMS 0x0000000084c00000, 0x0000000084b00000| Untracked 
|  76|0x0000000084c00000, 0x0000000084d00000, 0x0000000084d00000|100%| O|  |TAMS 0x0000000084d00000, 0x0000000084c00000| Untracked 
|  77|0x0000000084d00000, 0x0000000084e00000, 0x0000000084e00000|100%| O|  |TAMS 0x0000000084e00000, 0x0000000084d00000| Untracked 
|  78|0x0000000084e00000, 0x0000000084f00000, 0x0000000084f00000|100%| O|  |TAMS 0x0000000084f00000, 0x0000000084e00000| Untracked 
|  79|0x0000000084f00000, 0x0000000085000000, 0x0000000085000000|100%| O|  |TAMS 0x0000000084f00000, 0x0000000084f00000| Untracked 
|  80|0x0000000085000000, 0x0000000085100000, 0x0000000085100000|100%| O|  |TAMS 0x0000000085100000, 0x0000000085000000| Untracked 
|  81|0x0000000085100000, 0x0000000085200000, 0x0000000085200000|100%| O|  |TAMS 0x0000000085200000, 0x0000000085100000| Untracked 
|  82|0x0000000085200000, 0x0000000085300000, 0x0000000085300000|100%| O|  |TAMS 0x0000000085300000, 0x0000000085200000| Untracked 
|  83|0x0000000085300000, 0x0000000085400000, 0x0000000085400000|100%| O|  |TAMS 0x0000000085400000, 0x0000000085300000| Untracked 
|  84|0x0000000085400000, 0x0000000085500000, 0x0000000085500000|100%| O|  |TAMS 0x0000000085500000, 0x0000000085400000| Untracked 
|  85|0x0000000085500000, 0x0000000085600000, 0x0000000085600000|100%| O|  |TAMS 0x0000000085500000, 0x0000000085500000| Untracked 
|  86|0x0000000085600000, 0x0000000085700000, 0x0000000085700000|100%| O|  |TAMS 0x0000000085700000, 0x0000000085600000| Untracked 
|  87|0x0000000085700000, 0x0000000085800000, 0x0000000085800000|100%| O|  |TAMS 0x0000000085800000, 0x0000000085700000| Untracked 
|  88|0x0000000085800000, 0x0000000085900000, 0x0000000085900000|100%| O|  |TAMS 0x0000000085800000, 0x0000000085800000| Untracked 
|  89|0x0000000085900000, 0x0000000085a00000, 0x0000000085a00000|100%| O|  |TAMS 0x0000000085a00000, 0x0000000085900000| Untracked 
|  90|0x0000000085a00000, 0x0000000085b00000, 0x0000000085b00000|100%| O|  |TAMS 0x0000000085b00000, 0x0000000085a00000| Untracked 
|  91|0x0000000085b00000, 0x0000000085c00000, 0x0000000085c00000|100%| O|  |TAMS 0x0000000085c00000, 0x0000000085b00000| Untracked 
|  92|0x0000000085c00000, 0x0000000085d00000, 0x0000000085d00000|100%| O|  |TAMS 0x0000000085d00000, 0x0000000085c00000| Untracked 
|  93|0x0000000085d00000, 0x0000000085e00000, 0x0000000085e00000|100%| O|  |TAMS 0x0000000085e00000, 0x0000000085d00000| Untracked 
|  94|0x0000000085e00000, 0x0000000085e7b400, 0x0000000085f00000| 48%| O|  |TAMS 0x0000000085e00000, 0x0000000085e00000| Untracked 
|  95|0x0000000085f00000, 0x0000000086000000, 0x0000000086000000|100%| O|  |TAMS 0x0000000086000000, 0x0000000085f00000| Untracked 
|  96|0x0000000086000000, 0x0000000086100000, 0x0000000086100000|100%| O|  |TAMS 0x0000000086100000, 0x0000000086000000| Untracked 
|  97|0x0000000086100000, 0x0000000086200000, 0x0000000086200000|100%| O|  |TAMS 0x0000000086200000, 0x0000000086100000| Untracked 
|  98|0x0000000086200000, 0x0000000086300000, 0x0000000086300000|100%| O|  |TAMS 0x0000000086300000, 0x0000000086200000| Untracked 
|  99|0x0000000086300000, 0x0000000086400000, 0x0000000086400000|100%|HS|  |TAMS 0x0000000086400000, 0x0000000086300000| Complete 
| 100|0x0000000086400000, 0x0000000086500000, 0x0000000086500000|100%|HS|  |TAMS 0x0000000086500000, 0x0000000086400000| Complete 
| 101|0x0000000086500000, 0x0000000086600000, 0x0000000086600000|100%|HS|  |TAMS 0x0000000086600000, 0x0000000086500000| Complete 
| 102|0x0000000086600000, 0x0000000086700000, 0x0000000086700000|100%|HS|  |TAMS 0x0000000086700000, 0x0000000086600000| Complete 
| 103|0x0000000086700000, 0x0000000086800000, 0x0000000086800000|100%|HC|  |TAMS 0x0000000086800000, 0x0000000086700000| Complete 
| 104|0x0000000086800000, 0x0000000086900000, 0x0000000086900000|100%|HC|  |TAMS 0x0000000086900000, 0x0000000086800000| Complete 
| 105|0x0000000086900000, 0x0000000086a00000, 0x0000000086a00000|100%| O|  |TAMS 0x0000000086a00000, 0x0000000086900000| Untracked 
| 106|0x0000000086a00000, 0x0000000086b00000, 0x0000000086b00000|100%|HS|  |TAMS 0x0000000086b00000, 0x0000000086a00000| Complete 
| 107|0x0000000086b00000, 0x0000000086c00000, 0x0000000086c00000|100%|HC|  |TAMS 0x0000000086c00000, 0x0000000086b00000| Complete 
| 108|0x0000000086c00000, 0x0000000086d00000, 0x0000000086d00000|100%| O|  |TAMS 0x0000000086d00000, 0x0000000086c00000| Untracked 
| 109|0x0000000086d00000, 0x0000000086e00000, 0x0000000086e00000|100%| O|  |TAMS 0x0000000086e00000, 0x0000000086d00000| Untracked 
| 110|0x0000000086e00000, 0x0000000086f00000, 0x0000000086f00000|100%| O|  |TAMS 0x0000000086f00000, 0x0000000086e00000| Untracked 
| 111|0x0000000086f00000, 0x0000000087000000, 0x0000000087000000|100%| O|  |TAMS 0x0000000086f61e00, 0x0000000086f00000| Untracked 
| 112|0x0000000087000000, 0x0000000087100000, 0x0000000087100000|100%| O|  |TAMS 0x0000000087100000, 0x0000000087000000| Untracked 
| 113|0x0000000087100000, 0x0000000087200000, 0x0000000087200000|100%| O|  |TAMS 0x0000000087200000, 0x0000000087100000| Untracked 
| 114|0x0000000087200000, 0x0000000087300000, 0x0000000087300000|100%| O|  |TAMS 0x0000000087300000, 0x0000000087200000| Untracked 
| 115|0x0000000087300000, 0x0000000087400000, 0x0000000087400000|100%| O|  |TAMS 0x0000000087400000, 0x0000000087300000| Untracked 
| 116|0x0000000087400000, 0x0000000087500000, 0x0000000087500000|100%| O|  |TAMS 0x0000000087500000, 0x0000000087400000| Untracked 
| 117|0x0000000087500000, 0x0000000087500000, 0x0000000087600000|  0%| F|  |TAMS 0x0000000087500000, 0x0000000087500000| Untracked 
| 118|0x0000000087600000, 0x0000000087700000, 0x0000000087700000|100%| O|  |TAMS 0x0000000087700000, 0x0000000087600000| Untracked 
| 119|0x0000000087700000, 0x0000000087800000, 0x0000000087800000|100%|HS|  |TAMS 0x0000000087800000, 0x0000000087700000| Complete 
| 120|0x0000000087800000, 0x0000000087900000, 0x0000000087900000|100%|HC|  |TAMS 0x0000000087900000, 0x0000000087800000| Complete 
| 121|0x0000000087900000, 0x0000000087a00000, 0x0000000087a00000|100%|HS|  |TAMS 0x0000000087a00000, 0x0000000087900000| Complete 
| 122|0x0000000087a00000, 0x0000000087b00000, 0x0000000087b00000|100%|HS|  |TAMS 0x0000000087b00000, 0x0000000087a00000| Complete 
| 123|0x0000000087b00000, 0x0000000087c00000, 0x0000000087c00000|100%|HC|  |TAMS 0x0000000087c00000, 0x0000000087b00000| Complete 
| 124|0x0000000087c00000, 0x0000000087d00000, 0x0000000087d00000|100%|HC|  |TAMS 0x0000000087d00000, 0x0000000087c00000| Complete 
| 125|0x0000000087d00000, 0x0000000087e00000, 0x0000000087e00000|100%|HC|  |TAMS 0x0000000087e00000, 0x0000000087d00000| Complete 
| 126|0x0000000087e00000, 0x0000000087f00000, 0x0000000087f00000|100%| O|  |TAMS 0x0000000087f00000, 0x0000000087e00000| Untracked 
| 127|0x0000000087f00000, 0x0000000088000000, 0x0000000088000000|100%| O|  |TAMS 0x0000000088000000, 0x0000000087f00000| Untracked 
| 128|0x0000000088000000, 0x0000000088100000, 0x0000000088100000|100%| O|  |TAMS 0x0000000088100000, 0x0000000088000000| Untracked 
| 129|0x0000000088100000, 0x0000000088200000, 0x0000000088200000|100%| O|  |TAMS 0x0000000088200000, 0x0000000088100000| Untracked 
| 130|0x0000000088200000, 0x0000000088300000, 0x0000000088300000|100%| O|  |TAMS 0x0000000088300000, 0x0000000088200000| Untracked 
| 131|0x0000000088300000, 0x0000000088400000, 0x0000000088400000|100%| O|  |TAMS 0x0000000088400000, 0x0000000088300000| Untracked 
| 132|0x0000000088400000, 0x0000000088500000, 0x0000000088500000|100%| O|  |TAMS 0x0000000088400000, 0x0000000088400000| Untracked 
| 133|0x0000000088500000, 0x0000000088600000, 0x0000000088600000|100%| O|  |TAMS 0x0000000088600000, 0x0000000088500000| Untracked 
| 134|0x0000000088600000, 0x0000000088700000, 0x0000000088700000|100%| O|  |TAMS 0x0000000088600000, 0x0000000088600000| Untracked 
| 135|0x0000000088700000, 0x0000000088800000, 0x0000000088800000|100%| O|  |TAMS 0x0000000088800000, 0x0000000088700000| Untracked 
| 136|0x0000000088800000, 0x0000000088900000, 0x0000000088900000|100%| O|  |TAMS 0x0000000088900000, 0x0000000088800000| Untracked 
| 137|0x0000000088900000, 0x0000000088a00000, 0x0000000088a00000|100%| O|  |TAMS 0x0000000088a00000, 0x0000000088900000| Untracked 
| 138|0x0000000088a00000, 0x0000000088b00000, 0x0000000088b00000|100%| O|  |TAMS 0x0000000088b00000, 0x0000000088a00000| Untracked 
| 139|0x0000000088b00000, 0x0000000088c00000, 0x0000000088c00000|100%| O|  |TAMS 0x0000000088c00000, 0x0000000088b00000| Untracked 
| 140|0x0000000088c00000, 0x0000000088d00000, 0x0000000088d00000|100%| O|  |TAMS 0x0000000088d00000, 0x0000000088c00000| Untracked 
| 141|0x0000000088d00000, 0x0000000088e00000, 0x0000000088e00000|100%| O|  |TAMS 0x0000000088e00000, 0x0000000088d00000| Untracked 
| 142|0x0000000088e00000, 0x0000000088f00000, 0x0000000088f00000|100%| O|  |TAMS 0x0000000088e00000, 0x0000000088e00000| Untracked 
| 143|0x0000000088f00000, 0x0000000089000000, 0x0000000089000000|100%| O|  |TAMS 0x0000000089000000, 0x0000000088f00000| Untracked 
| 144|0x0000000089000000, 0x0000000089100000, 0x0000000089100000|100%| O|  |TAMS 0x0000000089100000, 0x0000000089000000| Untracked 
| 145|0x0000000089100000, 0x0000000089200000, 0x0000000089200000|100%| O|  |TAMS 0x0000000089100000, 0x0000000089100000| Untracked 
| 146|0x0000000089200000, 0x0000000089300000, 0x0000000089300000|100%| O|  |TAMS 0x0000000089200000, 0x0000000089200000| Untracked 
| 147|0x0000000089300000, 0x0000000089400000, 0x0000000089400000|100%| O|  |TAMS 0x0000000089300000, 0x0000000089300000| Untracked 
| 148|0x0000000089400000, 0x0000000089500000, 0x0000000089500000|100%| O|  |TAMS 0x0000000089400000, 0x0000000089400000| Untracked 
| 149|0x0000000089500000, 0x0000000089600000, 0x0000000089600000|100%| O|  |TAMS 0x0000000089600000, 0x0000000089500000| Untracked 
| 150|0x0000000089600000, 0x0000000089700000, 0x0000000089700000|100%| O|  |TAMS 0x0000000089700000, 0x0000000089600000| Untracked 
| 151|0x0000000089700000, 0x0000000089800000, 0x0000000089800000|100%| O|  |TAMS 0x0000000089700000, 0x0000000089700000| Untracked 
| 152|0x0000000089800000, 0x0000000089900000, 0x0000000089900000|100%| O|  |TAMS 0x0000000089800000, 0x0000000089800000| Untracked 
| 153|0x0000000089900000, 0x0000000089a00000, 0x0000000089a00000|100%| O|  |TAMS 0x0000000089900000, 0x0000000089900000| Untracked 
| 154|0x0000000089a00000, 0x0000000089b00000, 0x0000000089b00000|100%| O|  |TAMS 0x0000000089a00000, 0x0000000089a00000| Untracked 
| 155|0x0000000089b00000, 0x0000000089c00000, 0x0000000089c00000|100%| O|  |TAMS 0x0000000089b00000, 0x0000000089b00000| Untracked 
| 156|0x0000000089c00000, 0x0000000089d00000, 0x0000000089d00000|100%| O|  |TAMS 0x0000000089c00000, 0x0000000089c00000| Untracked 
| 157|0x0000000089d00000, 0x0000000089e00000, 0x0000000089e00000|100%| O|  |TAMS 0x0000000089d00000, 0x0000000089d00000| Untracked 
| 158|0x0000000089e00000, 0x0000000089f00000, 0x0000000089f00000|100%| O|  |TAMS 0x0000000089e00000, 0x0000000089e00000| Untracked 
| 159|0x0000000089f00000, 0x000000008a000000, 0x000000008a000000|100%| O|  |TAMS 0x000000008a000000, 0x0000000089f00000| Untracked 
| 160|0x000000008a000000, 0x000000008a100000, 0x000000008a100000|100%| O|  |TAMS 0x000000008a000000, 0x000000008a000000| Untracked 
| 161|0x000000008a100000, 0x000000008a200000, 0x000000008a200000|100%| O|  |TAMS 0x000000008a100000, 0x000000008a100000| Untracked 
| 162|0x000000008a200000, 0x000000008a300000, 0x000000008a300000|100%| O|  |TAMS 0x000000008a200000, 0x000000008a200000| Untracked 
| 163|0x000000008a300000, 0x000000008a400000, 0x000000008a400000|100%| O|  |TAMS 0x000000008a300000, 0x000000008a300000| Untracked 
| 164|0x000000008a400000, 0x000000008a500000, 0x000000008a500000|100%| O|  |TAMS 0x000000008a500000, 0x000000008a400000| Untracked 
| 165|0x000000008a500000, 0x000000008a500000, 0x000000008a600000|  0%| F|  |TAMS 0x000000008a500000, 0x000000008a500000| Untracked 
| 166|0x000000008a600000, 0x000000008a700000, 0x000000008a700000|100%| O|  |TAMS 0x000000008a700000, 0x000000008a600000| Untracked 
| 167|0x000000008a700000, 0x000000008a800000, 0x000000008a800000|100%| O|  |TAMS 0x000000008a800000, 0x000000008a700000| Untracked 
| 168|0x000000008a800000, 0x000000008a900000, 0x000000008a900000|100%| O|  |TAMS 0x000000008a900000, 0x000000008a800000| Untracked 
| 169|0x000000008a900000, 0x000000008aa00000, 0x000000008aa00000|100%| O|  |TAMS 0x000000008aa00000, 0x000000008a900000| Untracked 
| 170|0x000000008aa00000, 0x000000008ab00000, 0x000000008ab00000|100%| O|  |TAMS 0x000000008ab00000, 0x000000008aa00000| Untracked 
| 171|0x000000008ab00000, 0x000000008ac00000, 0x000000008ac00000|100%| O|  |TAMS 0x000000008ac00000, 0x000000008ab00000| Untracked 
| 172|0x000000008ac00000, 0x000000008ad00000, 0x000000008ad00000|100%| O|  |TAMS 0x000000008ad00000, 0x000000008ac00000| Untracked 
| 173|0x000000008ad00000, 0x000000008ae00000, 0x000000008ae00000|100%| O|  |TAMS 0x000000008ae00000, 0x000000008ad00000| Untracked 
| 174|0x000000008ae00000, 0x000000008af00000, 0x000000008af00000|100%| O|  |TAMS 0x000000008af00000, 0x000000008ae00000| Untracked 
| 175|0x000000008af00000, 0x000000008b000000, 0x000000008b000000|100%| O|  |TAMS 0x000000008b000000, 0x000000008af00000| Untracked 
| 176|0x000000008b000000, 0x000000008b100000, 0x000000008b100000|100%| O|  |TAMS 0x000000008b100000, 0x000000008b000000| Untracked 
| 177|0x000000008b100000, 0x000000008b200000, 0x000000008b200000|100%| O|  |TAMS 0x000000008b200000, 0x000000008b100000| Untracked 
| 178|0x000000008b200000, 0x000000008b300000, 0x000000008b300000|100%| O|  |TAMS 0x000000008b300000, 0x000000008b200000| Untracked 
| 179|0x000000008b300000, 0x000000008b400000, 0x000000008b400000|100%| O|  |TAMS 0x000000008b400000, 0x000000008b300000| Untracked 
| 180|0x000000008b400000, 0x000000008b500000, 0x000000008b500000|100%| O|  |TAMS 0x000000008b500000, 0x000000008b400000| Untracked 
| 181|0x000000008b500000, 0x000000008b600000, 0x000000008b600000|100%| O|  |TAMS 0x000000008b600000, 0x000000008b500000| Untracked 
| 182|0x000000008b600000, 0x000000008b700000, 0x000000008b700000|100%| O|  |TAMS 0x000000008b700000, 0x000000008b600000| Untracked 
| 183|0x000000008b700000, 0x000000008b800000, 0x000000008b800000|100%| O|  |TAMS 0x000000008b800000, 0x000000008b700000| Untracked 
| 184|0x000000008b800000, 0x000000008b900000, 0x000000008b900000|100%| O|  |TAMS 0x000000008b900000, 0x000000008b800000| Untracked 
| 185|0x000000008b900000, 0x000000008b900000, 0x000000008ba00000|  0%| F|  |TAMS 0x000000008b900000, 0x000000008b900000| Untracked 
| 186|0x000000008ba00000, 0x000000008ba00000, 0x000000008bb00000|  0%| F|  |TAMS 0x000000008ba00000, 0x000000008ba00000| Untracked 
| 187|0x000000008bb00000, 0x000000008bb00000, 0x000000008bc00000|  0%| F|  |TAMS 0x000000008bb00000, 0x000000008bb00000| Untracked 
| 188|0x000000008bc00000, 0x000000008bc00000, 0x000000008bd00000|  0%| F|  |TAMS 0x000000008bc00000, 0x000000008bc00000| Untracked 
| 189|0x000000008bd00000, 0x000000008bd00000, 0x000000008be00000|  0%| F|  |TAMS 0x000000008bd00000, 0x000000008bd00000| Untracked 
| 190|0x000000008be00000, 0x000000008be00000, 0x000000008bf00000|  0%| F|  |TAMS 0x000000008be00000, 0x000000008be00000| Untracked 
| 191|0x000000008bf00000, 0x000000008bf00000, 0x000000008c000000|  0%| F|  |TAMS 0x000000008bf00000, 0x000000008bf00000| Untracked 
| 192|0x000000008c000000, 0x000000008c000000, 0x000000008c100000|  0%| F|  |TAMS 0x000000008c000000, 0x000000008c000000| Untracked 
| 193|0x000000008c100000, 0x000000008c100000, 0x000000008c200000|  0%| F|  |TAMS 0x000000008c100000, 0x000000008c100000| Untracked 
| 194|0x000000008c200000, 0x000000008c200000, 0x000000008c300000|  0%| F|  |TAMS 0x000000008c200000, 0x000000008c200000| Untracked 
| 195|0x000000008c300000, 0x000000008c300000, 0x000000008c400000|  0%| F|  |TAMS 0x000000008c300000, 0x000000008c300000| Untracked 
| 196|0x000000008c400000, 0x000000008c400000, 0x000000008c500000|  0%| F|  |TAMS 0x000000008c400000, 0x000000008c400000| Untracked 
| 197|0x000000008c500000, 0x000000008c500000, 0x000000008c600000|  0%| F|  |TAMS 0x000000008c500000, 0x000000008c500000| Untracked 
| 198|0x000000008c600000, 0x000000008c600000, 0x000000008c700000|  0%| F|  |TAMS 0x000000008c600000, 0x000000008c600000| Untracked 
| 199|0x000000008c700000, 0x000000008c700000, 0x000000008c800000|  0%| F|  |TAMS 0x000000008c700000, 0x000000008c700000| Untracked 
| 200|0x000000008c800000, 0x000000008c800000, 0x000000008c900000|  0%| F|  |TAMS 0x000000008c800000, 0x000000008c800000| Untracked 
| 201|0x000000008c900000, 0x000000008c900000, 0x000000008ca00000|  0%| F|  |TAMS 0x000000008c900000, 0x000000008c900000| Untracked 
| 202|0x000000008ca00000, 0x000000008ca00000, 0x000000008cb00000|  0%| F|  |TAMS 0x000000008ca00000, 0x000000008ca00000| Untracked 
| 203|0x000000008cb00000, 0x000000008cb00000, 0x000000008cc00000|  0%| F|  |TAMS 0x000000008cb00000, 0x000000008cb00000| Untracked 
| 204|0x000000008cc00000, 0x000000008cc00000, 0x000000008cd00000|  0%| F|  |TAMS 0x000000008cc00000, 0x000000008cc00000| Untracked 
| 205|0x000000008cd00000, 0x000000008cd00000, 0x000000008ce00000|  0%| F|  |TAMS 0x000000008cd00000, 0x000000008cd00000| Untracked 
| 206|0x000000008ce00000, 0x000000008ce00000, 0x000000008cf00000|  0%| F|  |TAMS 0x000000008ce00000, 0x000000008ce00000| Untracked 
| 207|0x000000008cf00000, 0x000000008cf00000, 0x000000008d000000|  0%| F|  |TAMS 0x000000008cf00000, 0x000000008cf00000| Untracked 
| 208|0x000000008d000000, 0x000000008d000000, 0x000000008d100000|  0%| F|  |TAMS 0x000000008d000000, 0x000000008d000000| Untracked 
| 209|0x000000008d100000, 0x000000008d100000, 0x000000008d200000|  0%| F|  |TAMS 0x000000008d100000, 0x000000008d100000| Untracked 
| 210|0x000000008d200000, 0x000000008d200000, 0x000000008d300000|  0%| F|  |TAMS 0x000000008d200000, 0x000000008d200000| Untracked 
| 211|0x000000008d300000, 0x000000008d300000, 0x000000008d400000|  0%| F|  |TAMS 0x000000008d300000, 0x000000008d300000| Untracked 
| 212|0x000000008d400000, 0x000000008d400000, 0x000000008d500000|  0%| F|  |TAMS 0x000000008d400000, 0x000000008d400000| Untracked 
| 213|0x000000008d500000, 0x000000008d500000, 0x000000008d600000|  0%| F|  |TAMS 0x000000008d500000, 0x000000008d500000| Untracked 
| 214|0x000000008d600000, 0x000000008d600000, 0x000000008d700000|  0%| F|  |TAMS 0x000000008d600000, 0x000000008d600000| Untracked 
| 215|0x000000008d700000, 0x000000008d700000, 0x000000008d800000|  0%| F|  |TAMS 0x000000008d700000, 0x000000008d700000| Untracked 
| 216|0x000000008d800000, 0x000000008d800000, 0x000000008d900000|  0%| F|  |TAMS 0x000000008d800000, 0x000000008d800000| Untracked 
| 217|0x000000008d900000, 0x000000008d900000, 0x000000008da00000|  0%| F|  |TAMS 0x000000008d900000, 0x000000008d900000| Untracked 
| 218|0x000000008da00000, 0x000000008da00000, 0x000000008db00000|  0%| F|  |TAMS 0x000000008da00000, 0x000000008da00000| Untracked 
| 219|0x000000008db00000, 0x000000008db00000, 0x000000008dc00000|  0%| F|  |TAMS 0x000000008db00000, 0x000000008db00000| Untracked 
| 220|0x000000008dc00000, 0x000000008dc00000, 0x000000008dd00000|  0%| F|  |TAMS 0x000000008dc00000, 0x000000008dc00000| Untracked 
| 221|0x000000008dd00000, 0x000000008dd00000, 0x000000008de00000|  0%| F|  |TAMS 0x000000008dd00000, 0x000000008dd00000| Untracked 
| 222|0x000000008de00000, 0x000000008de00000, 0x000000008df00000|  0%| F|  |TAMS 0x000000008de00000, 0x000000008de00000| Untracked 
| 223|0x000000008df00000, 0x000000008df00000, 0x000000008e000000|  0%| F|  |TAMS 0x000000008df00000, 0x000000008df00000| Untracked 
| 224|0x000000008e000000, 0x000000008e000000, 0x000000008e100000|  0%| F|  |TAMS 0x000000008e000000, 0x000000008e000000| Untracked 
| 225|0x000000008e100000, 0x000000008e100000, 0x000000008e200000|  0%| F|  |TAMS 0x000000008e100000, 0x000000008e100000| Untracked 
| 226|0x000000008e200000, 0x000000008e200000, 0x000000008e300000|  0%| F|  |TAMS 0x000000008e200000, 0x000000008e200000| Untracked 
| 227|0x000000008e300000, 0x000000008e300000, 0x000000008e400000|  0%| F|  |TAMS 0x000000008e300000, 0x000000008e300000| Untracked 
| 228|0x000000008e400000, 0x000000008e400000, 0x000000008e500000|  0%| F|  |TAMS 0x000000008e400000, 0x000000008e400000| Untracked 
| 229|0x000000008e500000, 0x000000008e543f10, 0x000000008e600000| 26%| S|CS|TAMS 0x000000008e500000, 0x000000008e500000| Complete 
| 230|0x000000008e600000, 0x000000008e600000, 0x000000008e700000|  0%| F|  |TAMS 0x000000008e600000, 0x000000008e600000| Untracked 
| 231|0x000000008e700000, 0x000000008e700000, 0x000000008e800000|  0%| F|  |TAMS 0x000000008e700000, 0x000000008e700000| Untracked 
| 232|0x000000008e800000, 0x000000008e800000, 0x000000008e900000|  0%| F|  |TAMS 0x000000008e800000, 0x000000008e800000| Untracked 
| 233|0x000000008e900000, 0x000000008e900000, 0x000000008ea00000|  0%| F|  |TAMS 0x000000008e900000, 0x000000008e900000| Untracked 
| 234|0x000000008ea00000, 0x000000008ea00000, 0x000000008eb00000|  0%| F|  |TAMS 0x000000008ea00000, 0x000000008ea00000| Untracked 
| 235|0x000000008eb00000, 0x000000008eb00000, 0x000000008ec00000|  0%| F|  |TAMS 0x000000008eb00000, 0x000000008eb00000| Untracked 
| 236|0x000000008ec00000, 0x000000008ec00000, 0x000000008ed00000|  0%| F|  |TAMS 0x000000008ec00000, 0x000000008ec00000| Untracked 
| 237|0x000000008ed00000, 0x000000008ee00000, 0x000000008ee00000|100%| S|CS|TAMS 0x000000008ed00000, 0x000000008ed00000| Complete 
| 238|0x000000008ee00000, 0x000000008ef00000, 0x000000008ef00000|100%| S|CS|TAMS 0x000000008ee00000, 0x000000008ee00000| Complete 
| 239|0x000000008ef00000, 0x000000008f000000, 0x000000008f000000|100%| S|CS|TAMS 0x000000008ef00000, 0x000000008ef00000| Complete 
| 240|0x000000008f000000, 0x000000008f000000, 0x000000008f100000|  0%| F|  |TAMS 0x000000008f000000, 0x000000008f000000| Untracked 
| 241|0x000000008f100000, 0x000000008f100000, 0x000000008f200000|  0%| F|  |TAMS 0x000000008f100000, 0x000000008f100000| Untracked 
| 242|0x000000008f200000, 0x000000008f200000, 0x000000008f300000|  0%| F|  |TAMS 0x000000008f200000, 0x000000008f200000| Untracked 
| 243|0x000000008f300000, 0x000000008f300000, 0x000000008f400000|  0%| F|  |TAMS 0x000000008f300000, 0x000000008f300000| Untracked 
| 244|0x000000008f400000, 0x000000008f400000, 0x000000008f500000|  0%| F|  |TAMS 0x000000008f400000, 0x000000008f400000| Untracked 
| 245|0x000000008f500000, 0x000000008f500000, 0x000000008f600000|  0%| F|  |TAMS 0x000000008f500000, 0x000000008f500000| Untracked 
| 246|0x000000008f600000, 0x000000008f600000, 0x000000008f700000|  0%| F|  |TAMS 0x000000008f600000, 0x000000008f600000| Untracked 
| 247|0x000000008f700000, 0x000000008f700000, 0x000000008f800000|  0%| F|  |TAMS 0x000000008f700000, 0x000000008f700000| Untracked 
| 248|0x000000008f800000, 0x000000008f800000, 0x000000008f900000|  0%| F|  |TAMS 0x000000008f800000, 0x000000008f800000| Untracked 
| 249|0x000000008f900000, 0x000000008f900000, 0x000000008fa00000|  0%| F|  |TAMS 0x000000008f900000, 0x000000008f900000| Untracked 
| 250|0x000000008fa00000, 0x000000008fa00000, 0x000000008fb00000|  0%| F|  |TAMS 0x000000008fa00000, 0x000000008fa00000| Untracked 
| 251|0x000000008fb00000, 0x000000008fb00000, 0x000000008fc00000|  0%| F|  |TAMS 0x000000008fb00000, 0x000000008fb00000| Untracked 
| 252|0x000000008fc00000, 0x000000008fc00000, 0x000000008fd00000|  0%| F|  |TAMS 0x000000008fc00000, 0x000000008fc00000| Untracked 
| 253|0x000000008fd00000, 0x000000008fd00000, 0x000000008fe00000|  0%| F|  |TAMS 0x000000008fd00000, 0x000000008fd00000| Untracked 
| 254|0x000000008fe00000, 0x000000008fe00000, 0x000000008ff00000|  0%| F|  |TAMS 0x000000008fe00000, 0x000000008fe00000| Untracked 
| 255|0x000000008ff00000, 0x000000008ff00000, 0x0000000090000000|  0%| F|  |TAMS 0x000000008ff00000, 0x000000008ff00000| Untracked 
| 256|0x0000000090000000, 0x0000000090000000, 0x0000000090100000|  0%| F|  |TAMS 0x0000000090000000, 0x0000000090000000| Untracked 
| 257|0x0000000090100000, 0x0000000090100000, 0x0000000090200000|  0%| F|  |TAMS 0x0000000090100000, 0x0000000090100000| Untracked 
| 258|0x0000000090200000, 0x0000000090200000, 0x0000000090300000|  0%| F|  |TAMS 0x0000000090200000, 0x0000000090200000| Untracked 
| 259|0x0000000090300000, 0x0000000090300000, 0x0000000090400000|  0%| F|  |TAMS 0x0000000090300000, 0x0000000090300000| Untracked 
| 260|0x0000000090400000, 0x0000000090400000, 0x0000000090500000|  0%| F|  |TAMS 0x0000000090400000, 0x0000000090400000| Untracked 
| 261|0x0000000090500000, 0x0000000090500000, 0x0000000090600000|  0%| F|  |TAMS 0x0000000090500000, 0x0000000090500000| Untracked 
| 262|0x0000000090600000, 0x000000009063f678, 0x0000000090700000| 24%| E|  |TAMS 0x0000000090600000, 0x0000000090600000| Complete 
| 263|0x0000000090700000, 0x0000000090800000, 0x0000000090800000|100%| E|CS|TAMS 0x0000000090700000, 0x0000000090700000| Complete 
| 264|0x0000000090800000, 0x0000000090900000, 0x0000000090900000|100%| E|CS|TAMS 0x0000000090800000, 0x0000000090800000| Complete 
| 265|0x0000000090900000, 0x0000000090a00000, 0x0000000090a00000|100%| E|CS|TAMS 0x0000000090900000, 0x0000000090900000| Complete 
| 266|0x0000000090a00000, 0x0000000090b00000, 0x0000000090b00000|100%| E|CS|TAMS 0x0000000090a00000, 0x0000000090a00000| Complete 
| 267|0x0000000090b00000, 0x0000000090c00000, 0x0000000090c00000|100%| E|CS|TAMS 0x0000000090b00000, 0x0000000090b00000| Complete 
| 268|0x0000000090c00000, 0x0000000090d00000, 0x0000000090d00000|100%| E|CS|TAMS 0x0000000090c00000, 0x0000000090c00000| Complete 
| 269|0x0000000090d00000, 0x0000000090e00000, 0x0000000090e00000|100%| E|CS|TAMS 0x0000000090d00000, 0x0000000090d00000| Complete 
| 270|0x0000000090e00000, 0x0000000090f00000, 0x0000000090f00000|100%| E|CS|TAMS 0x0000000090e00000, 0x0000000090e00000| Complete 
| 271|0x0000000090f00000, 0x0000000091000000, 0x0000000091000000|100%| E|CS|TAMS 0x0000000090f00000, 0x0000000090f00000| Complete 
| 272|0x0000000091000000, 0x0000000091100000, 0x0000000091100000|100%| E|CS|TAMS 0x0000000091000000, 0x0000000091000000| Complete 
| 273|0x0000000091100000, 0x0000000091200000, 0x0000000091200000|100%| E|CS|TAMS 0x0000000091100000, 0x0000000091100000| Complete 
| 274|0x0000000091200000, 0x0000000091300000, 0x0000000091300000|100%| E|CS|TAMS 0x0000000091200000, 0x0000000091200000| Complete 
| 275|0x0000000091300000, 0x0000000091400000, 0x0000000091400000|100%| E|CS|TAMS 0x0000000091300000, 0x0000000091300000| Complete 
| 276|0x0000000091400000, 0x0000000091500000, 0x0000000091500000|100%| E|CS|TAMS 0x0000000091400000, 0x0000000091400000| Complete 
| 277|0x0000000091500000, 0x0000000091600000, 0x0000000091600000|100%| E|CS|TAMS 0x0000000091500000, 0x0000000091500000| Complete 
| 278|0x0000000091600000, 0x0000000091700000, 0x0000000091700000|100%| E|CS|TAMS 0x0000000091600000, 0x0000000091600000| Complete 
| 279|0x0000000091700000, 0x0000000091800000, 0x0000000091800000|100%| E|CS|TAMS 0x0000000091700000, 0x0000000091700000| Complete 
| 280|0x0000000091800000, 0x0000000091900000, 0x0000000091900000|100%| E|CS|TAMS 0x0000000091800000, 0x0000000091800000| Complete 
| 281|0x0000000091900000, 0x0000000091a00000, 0x0000000091a00000|100%| E|CS|TAMS 0x0000000091900000, 0x0000000091900000| Complete 
| 282|0x0000000091a00000, 0x0000000091b00000, 0x0000000091b00000|100%| E|CS|TAMS 0x0000000091a00000, 0x0000000091a00000| Complete 
| 283|0x0000000091b00000, 0x0000000091c00000, 0x0000000091c00000|100%| E|CS|TAMS 0x0000000091b00000, 0x0000000091b00000| Complete 
| 284|0x0000000091c00000, 0x0000000091d00000, 0x0000000091d00000|100%| E|CS|TAMS 0x0000000091c00000, 0x0000000091c00000| Complete 
| 285|0x0000000091d00000, 0x0000000091e00000, 0x0000000091e00000|100%| E|CS|TAMS 0x0000000091d00000, 0x0000000091d00000| Complete 
| 286|0x0000000091e00000, 0x0000000091f00000, 0x0000000091f00000|100%| E|CS|TAMS 0x0000000091e00000, 0x0000000091e00000| Complete 
| 287|0x0000000091f00000, 0x0000000092000000, 0x0000000092000000|100%| E|CS|TAMS 0x0000000091f00000, 0x0000000091f00000| Complete 
| 288|0x0000000092000000, 0x0000000092100000, 0x0000000092100000|100%| E|CS|TAMS 0x0000000092000000, 0x0000000092000000| Complete 
| 289|0x0000000092100000, 0x0000000092200000, 0x0000000092200000|100%| E|CS|TAMS 0x0000000092100000, 0x0000000092100000| Complete 
| 290|0x0000000092200000, 0x0000000092300000, 0x0000000092300000|100%| E|CS|TAMS 0x0000000092200000, 0x0000000092200000| Complete 
| 291|0x0000000092300000, 0x0000000092400000, 0x0000000092400000|100%| E|CS|TAMS 0x0000000092300000, 0x0000000092300000| Complete 
| 292|0x0000000092400000, 0x0000000092500000, 0x0000000092500000|100%| E|CS|TAMS 0x0000000092400000, 0x0000000092400000| Complete 
| 293|0x0000000092500000, 0x0000000092600000, 0x0000000092600000|100%| E|CS|TAMS 0x0000000092500000, 0x0000000092500000| Complete 
| 294|0x0000000092600000, 0x0000000092700000, 0x0000000092700000|100%| E|CS|TAMS 0x0000000092600000, 0x0000000092600000| Complete 
| 295|0x0000000092700000, 0x0000000092800000, 0x0000000092800000|100%| E|CS|TAMS 0x0000000092700000, 0x0000000092700000| Complete 

Card table byte_map: [0x000002645a310000,0x000002645a710000] _byte_map_base: 0x0000026459f10000

Marking Bits (Prev, Next): (CMBitMap*) 0x00000264438a3f38, (CMBitMap*) 0x00000264438a3f70
 Prev Bits: [0x000002645ab10000, 0x000002645cb10000)
 Next Bits: [0x000002645cb10000, 0x000002645eb10000)

Polling page: 0x0000026443040000

Metaspace:

Usage:
  Non-class:    109.48 MB capacity,   106.45 MB ( 97%) used,     2.59 MB (  2%) free+waste,   451.00 KB ( <1%) overhead. 
      Class:     17.79 MB capacity,    15.99 MB ( 90%) used,     1.59 MB (  9%) free+waste,   210.38 KB (  1%) overhead. 
       Both:    127.26 MB capacity,   122.44 MB ( 96%) used,     4.18 MB (  3%) free+waste,   661.38 KB ( <1%) overhead. 

Virtual space:
  Non-class space:      110.00 MB reserved,     109.67 MB (>99%) committed 
      Class space:      504.00 MB reserved,      17.91 MB (  4%) committed 
             Both:      614.00 MB reserved,     127.58 MB ( 21%) committed 

Chunk freelists:
   Non-Class:  896 bytes
       Class:  0 bytes
        Both:  896 bytes

CodeHeap 'non-profiled nmethods': size=120064Kb used=10894Kb max_used=10894Kb free=109169Kb
 bounds [0x00000264529d0000, 0x0000026453480000, 0x0000026459f10000]
CodeHeap 'profiled nmethods': size=120000Kb used=41433Kb max_used=41433Kb free=78566Kb
 bounds [0x000002644b4a0000, 0x000002644dd20000, 0x00000264529d0000]
CodeHeap 'non-nmethods': size=5696Kb used=2391Kb max_used=2445Kb free=3304Kb
 bounds [0x000002644af10000, 0x000002644b180000, 0x000002644b4a0000]
 total_blobs=19445 nmethods=18432 adapters=923
 compilation: enabled
              stopped_count=0, restarted_count=0
 full_count=0

Compilation events (10 events):
Event: 73.713 Thread 0x000002646198a000 19439       3       sun.security.util.math.intpoly.IntegerPolynomial::setLimbsValuePositive (49 bytes)
Event: 73.713 Thread 0x000002646198a000 nmethod 19439 0x000002644dd17a90 code [0x000002644dd17c80, 0x000002644dd18118]
Event: 73.713 Thread 0x000002646198a000 19440       3       sun.security.util.math.intpoly.IntegerPolynomial$Element::<init> (40 bytes)
Event: 73.713 Thread 0x000002646198a000 nmethod 19440 0x000002644dd18390 code [0x000002644dd18540, 0x000002644dd18878]
Event: 73.713 Thread 0x000002646198a000 19441       3       java.math.BigInteger::add (123 bytes)
Event: 73.714 Thread 0x000002646198a000 nmethod 19441 0x000002644dd18990 code [0x000002644dd18ba0, 0x000002644dd19108]
Event: 73.714 Thread 0x000002646198a000 19442       3       sun.security.ssl.JsseJce::getMac (19 bytes)
Event: 73.714 Thread 0x000002646198a000 nmethod 19442 0x000002644dd19310 code [0x000002644dd194c0, 0x000002644dd19658]
Event: 73.714 Thread 0x000002646198a000 19443       3       javax.crypto.Mac::getInstance (96 bytes)
Event: 73.715 Thread 0x000002646198a000 nmethod 19443 0x000002644dd19710 code [0x000002644dd19a80, 0x000002644dd1afb8]

GC Heap History (10 events):
Event: 56.512 GC heap before
{Heap before GC invocations=77 (full 0):
 garbage-first heap   total 303104K, used 227955K [0x0000000080000000, 0x0000000100000000)
  region size 1024K, 62 young (63488K), 2 survivors (2048K)
 Metaspace       used 122876K, capacity 127653K, committed 127824K, reserved 626688K
  class space    used 16207K, capacity 18010K, committed 18080K, reserved 516096K
}
Event: 56.525 GC heap after
{Heap after GC invocations=78 (full 0):
 garbage-first heap   total 303104K, used 176519K [0x0000000080000000, 0x0000000100000000)
  region size 1024K, 8 young (8192K), 8 survivors (8192K)
 Metaspace       used 122876K, capacity 127653K, committed 127824K, reserved 626688K
  class space    used 16207K, capacity 18010K, committed 18080K, reserved 516096K
}
Event: 65.645 GC heap before
{Heap before GC invocations=79 (full 0):
 garbage-first heap   total 303104K, used 235911K [0x0000000080000000, 0x0000000100000000)
  region size 1024K, 66 young (67584K), 8 survivors (8192K)
 Metaspace       used 123436K, capacity 128273K, committed 128336K, reserved 626688K
  class space    used 16237K, capacity 18028K, committed 18080K, reserved 516096K
}
Event: 65.673 GC heap after
{Heap after GC invocations=80 (full 0):
 garbage-first heap   total 303104K, used 183630K [0x0000000080000000, 0x0000000100000000)
  region size 1024K, 8 young (8192K), 8 survivors (8192K)
 Metaspace       used 123436K, capacity 128273K, committed 128336K, reserved 626688K
  class space    used 16237K, capacity 18028K, committed 18080K, reserved 516096K
}
Event: 65.690 GC heap before
{Heap before GC invocations=80 (full 0):
 garbage-first heap   total 303104K, used 189774K [0x0000000080000000, 0x0000000100000000)
  region size 1024K, 14 young (14336K), 8 survivors (8192K)
 Metaspace       used 123438K, capacity 128273K, committed 128336K, reserved 626688K
  class space    used 16237K, capacity 18028K, committed 18080K, reserved 516096K
}
Event: 65.709 GC heap after
{Heap after GC invocations=81 (full 0):
 garbage-first heap   total 303104K, used 182262K [0x0000000080000000, 0x0000000100000000)
  region size 1024K, 2 young (2048K), 2 survivors (2048K)
 Metaspace       used 123438K, capacity 128273K, committed 128336K, reserved 626688K
  class space    used 16237K, capacity 18028K, committed 18080K, reserved 516096K
}
Event: 68.088 GC heap before
{Heap before GC invocations=81 (full 0):
 garbage-first heap   total 303104K, used 240630K [0x0000000080000000, 0x0000000100000000)
  region size 1024K, 59 young (60416K), 2 survivors (2048K)
 Metaspace       used 124309K, capacity 129284K, committed 129488K, reserved 628736K
  class space    used 16340K, capacity 18202K, committed 18208K, reserved 516096K
}
Event: 68.101 GC heap after
{Heap after GC invocations=82 (full 0):
 garbage-first heap   total 303104K, used 187837K [0x0000000080000000, 0x0000000100000000)
  region size 1024K, 7 young (7168K), 7 survivors (7168K)
 Metaspace       used 124309K, capacity 129284K, committed 129488K, reserved 628736K
  class space    used 16340K, capacity 18202K, committed 18208K, reserved 516096K
}
Event: 73.051 GC heap before
{Heap before GC invocations=82 (full 0):
 garbage-first heap   total 303104K, used 244157K [0x0000000080000000, 0x0000000100000000)
  region size 1024K, 63 young (64512K), 7 survivors (7168K)
 Metaspace       used 125177K, capacity 130071K, committed 130256K, reserved 628736K
  class space    used 16369K, capacity 18206K, committed 18208K, reserved 516096K
}
Event: 73.065 GC heap after
{Heap after GC invocations=83 (full 0):
 garbage-first heap   total 303104K, used 190204K [0x0000000080000000, 0x0000000100000000)
  region size 1024K, 4 young (4096K), 4 survivors (4096K)
 Metaspace       used 125177K, capacity 130071K, committed 130256K, reserved 628736K
  class space    used 16369K, capacity 18206K, committed 18208K, reserved 516096K
}

Deoptimization events (10 events):
Event: 72.842 Thread 0x000002646c7af800 Uncommon trap: reason=bimorphic_or_optimized_type_check action=maybe_recompile pc=0x000002645328b07c method=java.util.regex.Matcher.search(I)Z @ 121 c2
Event: 72.848 Thread 0x000002646c7af800 Uncommon trap: reason=unstable_if action=reinterpret pc=0x000002645340aaa8 method=org.objectweb.asm.ClassReader.readUtf(II[C)Ljava/lang/String; @ 41 c2
Event: 72.848 Thread 0x000002646c7af800 Uncommon trap: reason=unstable_fused_if action=reinterpret pc=0x0000026453408b58 method=org.objectweb.asm.ByteVector.putUTF8(Ljava/lang/String;)Lorg/objectweb/asm/ByteVector; @ 93 c2
Event: 72.850 Thread 0x000002646c7af800 Uncommon trap: reason=unstable_if action=reinterpret pc=0x0000026453409afc method=org.objectweb.asm.ClassReader.readUtf(II[C)Ljava/lang/String; @ 41 c2
Event: 73.017 Thread 0x0000026464f20800 Uncommon trap: reason=bimorphic_or_optimized_type_check action=maybe_recompile pc=0x000002645328b07c method=java.util.regex.Matcher.search(I)Z @ 121 c2
Event: 73.611 Thread 0x0000026464f29800 Uncommon trap: reason=unstable_if action=reinterpret pc=0x00000264531a4d84 method=java.util.concurrent.ConcurrentLinkedQueue.poll()Ljava/lang/Object; @ 24 c2
Event: 73.712 Thread 0x000002646c7ab800 Uncommon trap: reason=profile_predicate action=maybe_recompile pc=0x0000026453458bc4 method=java.math.BigInteger.longValue()J @ 5 c2
Event: 73.712 Thread 0x000002646c7ab800 Uncommon trap: reason=profile_predicate action=maybe_recompile pc=0x0000026453458bc4 method=java.math.BigInteger.longValue()J @ 5 c2
Event: 73.712 Thread 0x000002646c7ab800 Uncommon trap: reason=profile_predicate action=maybe_recompile pc=0x0000026453458bc4 method=java.math.BigInteger.longValue()J @ 5 c2
Event: 73.712 Thread 0x000002646c7ab800 Uncommon trap: reason=profile_predicate action=maybe_recompile pc=0x0000026453458bc4 method=java.math.BigInteger.longValue()J @ 5 c2

Classes redefined (0 events):
No events

Internal exceptions (10 events):
Event: 73.101 Thread 0x0000026464f29800 Exception <a 'sun/nio/fs/WindowsException'{0x0000000092168f38}> (0x0000000092168f38) thrown at [./open/src/hotspot/share/prims/jni.cpp, line 611]
Event: 73.112 Thread 0x0000026464f24000 Exception <a 'sun/nio/fs/WindowsException'{0x00000000921c2e08}> (0x00000000921c2e08) thrown at [./open/src/hotspot/share/prims/jni.cpp, line 611]
Event: 73.117 Thread 0x0000026464f29800 Exception <a 'sun/nio/fs/WindowsException'{0x00000000921eebd8}> (0x00000000921eebd8) thrown at [./open/src/hotspot/share/prims/jni.cpp, line 611]
Event: 73.148 Thread 0x0000026464f20800 Exception <a 'sun/nio/fs/WindowsException'{0x00000000920f0a88}> (0x00000000920f0a88) thrown at [./open/src/hotspot/share/prims/jni.cpp, line 611]
Event: 73.298 Thread 0x0000026464f23000 Exception <a 'sun/nio/fs/WindowsException'{0x0000000091c095e8}> (0x0000000091c095e8) thrown at [./open/src/hotspot/share/prims/jni.cpp, line 611]
Event: 73.312 Thread 0x0000026464f23000 Exception <a 'sun/nio/fs/WindowsException'{0x0000000091c89d38}> (0x0000000091c89d38) thrown at [./open/src/hotspot/share/prims/jni.cpp, line 611]
Event: 73.330 Thread 0x000002646c7ab800 Exception <a 'sun/nio/fs/WindowsException'{0x0000000091b0de68}> (0x0000000091b0de68) thrown at [./open/src/hotspot/share/prims/jni.cpp, line 611]
Event: 73.588 Thread 0x0000026464f24800 Exception <a 'sun/nio/fs/WindowsException'{0x0000000091016090}> (0x0000000091016090) thrown at [./open/src/hotspot/share/prims/jni.cpp, line 611]
Event: 73.616 Thread 0x000002646c7ac000 Exception <a 'sun/nio/fs/WindowsException'{0x00000000910eb960}> (0x00000000910eb960) thrown at [./open/src/hotspot/share/prims/jni.cpp, line 611]
Event: 73.618 Thread 0x0000026464f29800 Exception <a 'sun/nio/fs/WindowsException'{0x0000000090f2c5b0}> (0x0000000090f2c5b0) thrown at [./open/src/hotspot/share/prims/jni.cpp, line 611]

Events (10 events):
Event: 73.712 Thread 0x000002646c7ab800 DEOPT UNPACKING pc=0x000002644af183af sp=0x00000079d44fa988 mode 2
Event: 73.712 Thread 0x000002646c7ab800 Uncommon trap: trap_request=0xffffffbe fr.pc=0x0000026453458bc4 relative=0x0000000000000124
Event: 73.712 Thread 0x000002646c7ab800 DEOPT PACKING pc=0x0000026453458bc4 sp=0x00000079d44fa9e0
Event: 73.712 Thread 0x000002646c7ab800 DEOPT UNPACKING pc=0x000002644af183af sp=0x00000079d44fa988 mode 2
Event: 73.712 Thread 0x000002646c7ab800 Uncommon trap: trap_request=0xffffffbe fr.pc=0x0000026453458bc4 relative=0x0000000000000124
Event: 73.712 Thread 0x000002646c7ab800 DEOPT PACKING pc=0x0000026453458bc4 sp=0x00000079d44fa9e0
Event: 73.712 Thread 0x000002646c7ab800 DEOPT UNPACKING pc=0x000002644af183af sp=0x00000079d44fa988 mode 2
Event: 73.712 Thread 0x000002646c7ab800 Uncommon trap: trap_request=0xffffffbe fr.pc=0x0000026453458bc4 relative=0x0000000000000124
Event: 73.712 Thread 0x000002646c7ab800 DEOPT PACKING pc=0x0000026453458bc4 sp=0x00000079d44fa9e0
Event: 73.712 Thread 0x000002646c7ab800 DEOPT UNPACKING pc=0x000002644af183af sp=0x00000079d44fa988 mode 2


Dynamic libraries:
0x00007ff724b60000 - 0x00007ff724b6f000 	C:\Program Files\Java\jdk-11.0.15\bin\java.exe
0x00007ff8dddf0000 - 0x00007ff8ddfe8000 	C:\Windows\SYSTEM32\ntdll.dll
0x00007ff8dc0e0000 - 0x00007ff8dc19d000 	C:\Windows\System32\KERNEL32.DLL
0x00007ff8db930000 - 0x00007ff8dbc26000 	C:\Windows\System32\KERNELBASE.dll
0x00007ff8dbc30000 - 0x00007ff8dbd30000 	C:\Windows\System32\ucrtbase.dll
0x00007ff8caaa0000 - 0x00007ff8caab5000 	C:\Program Files\Java\jdk-11.0.15\bin\VCRUNTIME140.dll
0x00007ff8caf90000 - 0x00007ff8cafa8000 	C:\Program Files\Java\jdk-11.0.15\bin\jli.dll
0x00007ff8dc230000 - 0x00007ff8dc2e3000 	C:\Windows\System32\ADVAPI32.dll
0x00007ff8dcb40000 - 0x00007ff8dcbde000 	C:\Windows\System32\msvcrt.dll
0x00007ff8dc560000 - 0x00007ff8dc5ff000 	C:\Windows\System32\sechost.dll
0x00007ff8dc2f0000 - 0x00007ff8dc416000 	C:\Windows\System32\RPCRT4.dll
0x00007ff8db8b0000 - 0x00007ff8db8d7000 	C:\Windows\System32\bcrypt.dll
0x00007ff8ddc10000 - 0x00007ff8dddae000 	C:\Windows\System32\USER32.dll
0x00007ff8db880000 - 0x00007ff8db8a2000 	C:\Windows\System32\win32u.dll
0x00007ff8dbe30000 - 0x00007ff8dbe5b000 	C:\Windows\System32\GDI32.dll
0x00007ff8db760000 - 0x00007ff8db877000 	C:\Windows\System32\gdi32full.dll
0x00007ff8db4b0000 - 0x00007ff8db54d000 	C:\Windows\System32\msvcp_win.dll
0x00007ff8c8390000 - 0x00007ff8c862a000 	C:\Windows\WinSxS\amd64_microsoft.windows.common-controls_6595b64144ccf1df_6.0.19041.3636_none_60b6a03d71f818d5\COMCTL32.dll
0x00007ff8cca90000 - 0x00007ff8cca9a000 	C:\Windows\SYSTEM32\VERSION.dll
0x00007ff8dbe60000 - 0x00007ff8dbe92000 	C:\Windows\System32\IMM32.DLL
0x00007ff8a7b10000 - 0x00007ff8a7bab000 	C:\Program Files\Java\jdk-11.0.15\bin\msvcp140.dll
0x00007ff86f450000 - 0x00007ff86ff66000 	C:\Program Files\Java\jdk-11.0.15\bin\server\jvm.dll
0x00007ff8dc0d0000 - 0x00007ff8dc0d8000 	C:\Windows\System32\PSAPI.DLL
0x00007ff8c5270000 - 0x00007ff8c5297000 	C:\Windows\SYSTEM32\WINMM.dll
0x00007ff8caa80000 - 0x00007ff8caa89000 	C:\Windows\SYSTEM32\WSOCK32.dll
0x00007ff8dc1a0000 - 0x00007ff8dc20b000 	C:\Windows\System32\WS2_32.dll
0x00007ff8d9540000 - 0x00007ff8d9552000 	C:\Windows\SYSTEM32\kernel.appcore.dll
0x00007ff8c9f90000 - 0x00007ff8c9fa0000 	C:\Program Files\Java\jdk-11.0.15\bin\verify.dll
0x00007ff8d8bc0000 - 0x00007ff8d8da4000 	C:\Windows\SYSTEM32\DBGHELP.DLL
0x00007ff8b6650000 - 0x00007ff8b6684000 	C:\Windows\SYSTEM32\dbgcore.DLL
0x00007ff8dbda0000 - 0x00007ff8dbe22000 	C:\Windows\System32\bcryptPrimitives.dll
0x00007ff8c9f60000 - 0x00007ff8c9f88000 	C:\Program Files\Java\jdk-11.0.15\bin\java.dll
0x00007ff8c9f20000 - 0x00007ff8c9f2a000 	C:\Program Files\Java\jdk-11.0.15\bin\jimage.dll
0x00007ff8ae890000 - 0x00007ff8ae8a6000 	C:\Program Files\Java\jdk-11.0.15\bin\zip.dll
0x00007ff8dd3f0000 - 0x00007ff8ddb35000 	C:\Windows\System32\SHELL32.dll
0x00007ff8d9560000 - 0x00007ff8d9cfc000 	C:\Windows\SYSTEM32\windows.storage.dll
0x00007ff8dc730000 - 0x00007ff8dca84000 	C:\Windows\System32\combase.dll
0x00007ff8daee0000 - 0x00007ff8daf0e000 	C:\Windows\SYSTEM32\Wldp.dll
0x00007ff8ddb40000 - 0x00007ff8ddc0d000 	C:\Windows\System32\OLEAUT32.dll
0x00007ff8dbf40000 - 0x00007ff8dbfed000 	C:\Windows\System32\SHCORE.dll
0x00007ff8dbff0000 - 0x00007ff8dc045000 	C:\Windows\System32\shlwapi.dll
0x00007ff8db3e0000 - 0x00007ff8db405000 	C:\Windows\SYSTEM32\profapi.dll
0x00007ff8a6e30000 - 0x00007ff8a6e49000 	C:\Program Files\Java\jdk-11.0.15\bin\net.dll
0x00007ff8d5600000 - 0x00007ff8d570a000 	C:\Windows\SYSTEM32\WINHTTP.dll
0x00007ff8dac40000 - 0x00007ff8dacaa000 	C:\Windows\system32\mswsock.dll
0x00007ff8a4c40000 - 0x00007ff8a4c52000 	C:\Program Files\Java\jdk-11.0.15\bin\nio.dll
0x00007ff89b4e0000 - 0x00007ff89b507000 	C:\Users\Subhash\.gradle\native\68d5fa5c4cc2d200863cafc0d521ce42e7d3e7ee720ec0a83991735586a16f82\windows-amd64\native-platform.dll
0x00007ff895890000 - 0x00007ff8959d4000 	C:\Users\Subhash\.gradle\native\e376f236ea51e6404a007f0833ffe2c6e607c4080706a723a18a27aeea778392\windows-amd64\native-platform-file-events.dll
0x00007ff8c7f70000 - 0x00007ff8c7f79000 	C:\Program Files\Java\jdk-11.0.15\bin\management.dll
0x00007ff8c1300000 - 0x00007ff8c130b000 	C:\Program Files\Java\jdk-11.0.15\bin\management_ext.dll
0x00007ff8dae30000 - 0x00007ff8dae48000 	C:\Windows\SYSTEM32\CRYPTSP.dll
0x00007ff8da500000 - 0x00007ff8da534000 	C:\Windows\system32\rsaenh.dll
0x00007ff8db3a0000 - 0x00007ff8db3ce000 	C:\Windows\SYSTEM32\USERENV.dll
0x00007ff8dae50000 - 0x00007ff8dae5c000 	C:\Windows\SYSTEM32\CRYPTBASE.dll
0x00007ff8da8e0000 - 0x00007ff8da91b000 	C:\Windows\SYSTEM32\IPHLPAPI.DLL
0x00007ff8dbf30000 - 0x00007ff8dbf38000 	C:\Windows\System32\NSI.dll
0x00007ff8cbfd0000 - 0x00007ff8cbfe7000 	C:\Windows\SYSTEM32\dhcpcsvc6.DLL
0x00007ff8cc350000 - 0x00007ff8cc36d000 	C:\Windows\SYSTEM32\dhcpcsvc.DLL
0x00007ff8da920000 - 0x00007ff8da9eb000 	C:\Windows\SYSTEM32\DNSAPI.dll
0x00007ff8af380000 - 0x00007ff8af397000 	C:\Windows\system32\napinsp.dll
0x00007ff8ae910000 - 0x00007ff8ae92b000 	C:\Windows\system32\pnrpnsp.dll
0x00007ff8d4770000 - 0x00007ff8d4785000 	C:\Windows\system32\wshbth.dll
0x00007ff8d6830000 - 0x00007ff8d684d000 	C:\Windows\system32\NLAapi.dll
0x00007ff8ac300000 - 0x00007ff8ac312000 	C:\Windows\System32\winrnr.dll
0x00007ff8cbe40000 - 0x00007ff8cbe4a000 	C:\Windows\System32\rasadhlp.dll
0x00007ff8cbac0000 - 0x00007ff8cbb40000 	C:\Windows\System32\fwpuclnt.dll
0x00007ff8a1970000 - 0x00007ff8a1995000 	C:\Program Files\Java\jdk-11.0.15\bin\sunec.dll
0x00007ff8d3bb0000 - 0x00007ff8d3bbd000 	C:\Program Files\Java\jdk-11.0.15\bin\sunmscapi.dll
0x00007ff8db600000 - 0x00007ff8db75d000 	C:\Windows\System32\CRYPT32.dll
0x00007ff8daf50000 - 0x00007ff8daf78000 	C:\Windows\SYSTEM32\ncrypt.dll
0x00007ff8daf10000 - 0x00007ff8daf4b000 	C:\Windows\SYSTEM32\NTASN1.dll
0x00007ff8da620000 - 0x00007ff8da653000 	C:\Windows\SYSTEM32\ntmarta.dll

dbghelp: loaded successfully - version: 4.0.5 - missing functions: none
symbol engine: initialized successfully - sym options: 0x614 - pdb path: .;C:\Program Files\Java\jdk-11.0.15\bin;C:\Windows\SYSTEM32;C:\Windows\WinSxS\amd64_microsoft.windows.common-controls_6595b64144ccf1df_6.0.19041.3636_none_60b6a03d71f818d5;C:\Program Files\Java\jdk-11.0.15\bin\server;C:\Users\Subhash\.gradle\native\68d5fa5c4cc2d200863cafc0d521ce42e7d3e7ee720ec0a83991735586a16f82\windows-amd64;C:\Users\Subhash\.gradle\native\e376f236ea51e6404a007f0833ffe2c6e607c4080706a723a18a27aeea778392\windows-amd64

VM Arguments:
jvm_args: -XX:MaxMetaspaceSize=512m --add-opens=java.base/java.util=ALL-UNNAMED --add-opens=java.base/java.lang=ALL-UNNAMED --add-opens=java.base/java.lang.invoke=ALL-UNNAMED --add-opens=java.prefs/java.util.prefs=ALL-UNNAMED --add-opens=java.base/java.nio.charset=ALL-UNNAMED --add-opens=java.base/java.net=ALL-UNNAMED --add-opens=java.base/java.util.concurrent.atomic=ALL-UNNAMED -Xmx2048m -Dfile.encoding=windows-1252 -Duser.country=IN -Duser.language=en -Duser.variant 
java_command: org.gradle.launcher.daemon.bootstrap.GradleDaemon 8.0.1
java_class_path (initial): C:\Users\Subhash\.gradle\wrapper\dists\gradle-8.0.1-all\aro4hu1c3oeioove7l0i4i14o\gradle-8.0.1\lib\gradle-launcher-8.0.1.jar
Launcher Type: SUN_STANDARD

[Global flags]
     intx CICompilerCount                          = 3                                         {product} {ergonomic}
   size_t CompressedClassSpaceSize                 = 528482304                                 {product} {ergonomic}
     uint ConcGCThreads                            = 1                                         {product} {ergonomic}
     uint G1ConcRefinementThreads                  = 4                                         {product} {ergonomic}
   size_t G1HeapRegionSize                         = 1048576                                   {product} {ergonomic}
    uintx GCDrainStackTargetSize                   = 64                                        {product} {ergonomic}
   size_t InitialHeapSize                          = 132120576                                 {product} {ergonomic}
   size_t MarkStackSize                            = 4194304                                   {product} {ergonomic}
   size_t MaxHeapSize                              = 2147483648                                {product} {command line}
   size_t MaxMetaspaceSize                         = 536870912                                 {product} {command line}
   size_t MaxNewSize                               = 1287651328                                {product} {ergonomic}
   size_t MinHeapDeltaBytes                        = 1048576                                   {product} {ergonomic}
    uintx NonNMethodCodeHeapSize                   = 5830732                                {pd product} {ergonomic}
    uintx NonProfiledCodeHeapSize                  = 122913754                              {pd product} {ergonomic}
    uintx ProfiledCodeHeapSize                     = 122913754                              {pd product} {ergonomic}
    uintx ReservedCodeCacheSize                    = 251658240                              {pd product} {ergonomic}
     bool SegmentedCodeCache                       = true                                      {product} {ergonomic}
     bool UseCompressedClassPointers               = true                                 {lp64_product} {ergonomic}
     bool UseCompressedOops                        = true                                 {lp64_product} {ergonomic}
     bool UseG1GC                                  = true                                      {product} {ergonomic}
     bool UseLargePagesIndividualAllocation        = false                                  {pd product} {ergonomic}

Logging:
Log output configuration:
 #0: stdout all=warning uptime,level,tags
 #1: stderr all=off uptime,level,tags

Environment Variables:
JAVA_HOME=C:\Program Files\Java\jdk-11.0.15
CLASSPATH=C:\Users\Subhash\ClassTrackr\android\\gradle\wrapper\gradle-wrapper.jar
PATH=C:\Users\Subhash\ClassTrackr\node_modules\.bin;C:\Users\Subhash\ClassTrackr\node_modules\.bin;C:\Users\Subhash\node_modules\.bin;C:\Users\node_modules\.bin;C:\node_modules\.bin;C:\Users\Subhash\AppData\Roaming\npm\node_modules\npm\node_modules\@npmcli\run-script\lib\node-gyp-bin;C:\Users\Subhash\ClassTrackr\node_modules\.bin;C:\Users\Subhash\node_modules\.bin;C:\Users\node_modules\.bin;C:\node_modules\.bin;C:\Users\Subhash\AppData\Roaming\npm\node_modules\npm\node_modules\@npmcli\run-script\lib\node-gyp-bin;C:\Users\Subhash\bin;C:\Program Files (x86)\Git\mingw32\bin;C:\Program Files (x86)\Git\usr\local\bin;C:\Program Files (x86)\Git\usr\bin;C:\Program Files (x86)\Git\usr\bin;C:\Program Files (x86)\Git\mingw32\bin;C:\Program Files (x86)\Git\usr\bin;C:\Users\Subhash\bin;C:\Program Files\Common Files\Oracle\Java\javapath;C:\Windows\system32;C:\Windows;C:\Windows\System32\Wbem;C:\Windows\System32\WindowsPowerShell\v1.0;C:\Windows\System32\OpenSSH;C:\Program Files (x86)\Git\cmd;C:\Program Files\MySQL\MySQL Server 8.0\bin;C:\Program Files\nodejs;C:\Ruby32-x64\bin;C:\Users\Subhash\AppData\Local\Programs\Python\Python39\Scripts;C:\Users\Subhash\AppData\Local\Programs\Python\Python39;C:\Users\Subhash\AppData\Local\Microsoft\WindowsApps;C:\Users\Subhash\AppData\Local\Programs\Microsoft VS Code\bin;C:\Users\Subhash\AppData\Local\Android\Sdk\platform-tools;C:\Users\Subhash\AppData\Roaming\npm;C:\Program Files (x86)\Git\usr\bin\vendor_perl;C:\Program Files (x86)\Git\usr\bin\core_perl
USERNAME=Subhash
SHELL=C:\Program Files (x86)\Git\usr\bin\bash.exe
DISPLAY=needs-to-be-defined
OS=Windows_NT
PROCESSOR_IDENTIFIER=Intel64 Family 6 Model 140 Stepping 1, GenuineIntel



---------------  S Y S T E M  ---------------

OS: Windows 10 , 64 bit Build 19041 (10.0.19041.3636)

CPU:total 4 (initial active 4) (2 cores per cpu, 2 threads per core) family 6 model 140 stepping 1 microcode 0x9a, cmov, cx8, fxsr, mmx, sse, sse2, sse3, ssse3, sse4.1, sse4.2, popcnt, avx, avx2, aes, clmul, erms, 3dnowpref, lzcnt, ht, tsc, tscinvbit, bmi1, bmi2, adx, evex, sha, fma

Memory: 4k page, system-wide physical 7991M (460M free)
TotalPageFile size 32567M (AvailPageFile size 2M)
current process WorkingSet (physical memory assigned to process): 469M, peak: 522M
current process commit charge ("private bytes"): 687M, peak: 689M

vm_info: Java HotSpot(TM) 64-Bit Server VM (11.0.15+8-LTS-149) for windows-amd64 JRE (11.0.15+8-LTS-149), built on Mar  9 2022 22:42:32 by "mach5one" with MS VC++ 15.9 (VS2017)

END.
